#
# A fatal error has been detected by the Java Runtime Environment:
#
#  EXCEPTION_ACCESS_VIOLATION (0xc0000005) at pc=0x00007ffdd43212d3, pid=4756, tid=9096
#
# JRE version: OpenJDK Runtime Environment Temurin-11.0.14+9 (11.0.14+9) (build 11.0.14+9)
# Java VM: OpenJDK 64-Bit Server VM Temurin-11.0.14+9 (11.0.14+9, mixed mode, tiered, compressed oops, g1 gc, windows-amd64)
# Problematic frame:
# V  [jvm.dll+0x1a12d3]
#
# No core dump will be written. Minidumps are not enabled by default on client versions of Windows
#
# If you would like to submit a bug report, please visit:
#   https://github.com/adoptium/adoptium-support/issues
#

---------------  S U M M A R Y ------------

Command Line: --add-opens=java.base/java.util=ALL-UNNAMED --add-opens=java.base/java.lang=ALL-UNNAMED --add-opens=java.base/java.lang.invoke=ALL-UNNAMED --add-opens=java.prefs/java.util.prefs=ALL-UNNAMED -XX:MaxMetaspaceSize=256m -XX:+HeapDumpOnOutOfMemoryError -Xms256m -Xmx512m -Dfile.encoding=windows-1251 -Duser.country=RU -Duser.language=ru -Duser.variant org.gradle.launcher.daemon.bootstrap.GradleDaemon 6.7

Host: Intel(R) Core(TM) i3-2100 CPU @ 3.10GHz, 4 cores, 3G,  Windows 10 , 64 bit Build 19041 (10.0.19041.1645)
Time: Sun Apr 17 21:45:26 2022 RTZ 4 (зима) elapsed time: 24.502797 seconds (0d 0h 0m 24s)

---------------  T H R E A D  ---------------

Current thread (0x0000024f61011000):  JavaThread "C2 CompilerThread0" daemon [_thread_in_native, id=9096, stack(0x000000f4c7d00000,0x000000f4c7e00000)]


Current CompileTask:
C2:  24503 1963   !   4       java.lang.ClassLoader::loadClass (122 bytes)

Stack: [0x000000f4c7d00000,0x000000f4c7e00000],  sp=0x000000f4c7dfb5b0,  free space=1005k
Native frames: (J=compiled Java code, j=interpreted, Vv=VM code, C=native code)
V  [jvm.dll+0x1a12d3]
V  [jvm.dll+0x359c3b]
V  [jvm.dll+0x358944]
V  [jvm.dll+0x19e875]
V  [jvm.dll+0x208d12]
V  [jvm.dll+0x207ded]
V  [jvm.dll+0x18a2c1]
V  [jvm.dll+0x217734]
V  [jvm.dll+0x21597b]
V  [jvm.dll+0x76d7c0]
V  [jvm.dll+0x766724]
V  [jvm.dll+0x61d3f6]
C  [ucrtbase.dll+0x21bb2]
C  [KERNEL32.DLL+0x17034]
C  [ntdll.dll+0x52651]


siginfo: EXCEPTION_ACCESS_VIOLATION (0xc0000005), reading address 0x0000024b63cd94e0


Register to memory mapping:

RIP=0x00007ffdd43212d3 jvm.dll
RAX=0x0000024b63cd94a0 is an unknown value
RBX=0x0000024f657f6010 points into unknown readable memory: 0x0000000000000000 | 00 00 00 00 00 00 00 00
RCX=0x0000000000000008 is an unknown value
RDX=0x0000000000000886 is an unknown value
RSP=0x000000f4c7dfb5b0 is pointing into the stack for thread: 0x0000024f61011000
RBP=0x00007ffdd4180000 jvm.dll
RSI=0x0000000000000886 is an unknown value
RDI=0x0000000000000886 is an unknown value
R8 =0x000000f4c7dfb900 is pointing into the stack for thread: 0x0000024f61011000
R9 =0x0000000000000886 is an unknown value
R10=0x00007ffdd4180000 jvm.dll
R11=0x000000f4c7dfb6e0 is pointing into the stack for thread: 0x0000024f61011000
R12=0x0000000000000001 is an unknown value
R13=0x0000024f632497a8 points into unknown readable memory: 0x00007ffdd49fd7e0 | e0 d7 9f d4 fd 7f 00 00
R14=0x0 is NULL
R15=0x0000024f63080f78 points into unknown readable memory: 0x00007ffdd4a11c08 | 08 1c a1 d4 fd 7f 00 00


Registers:
RAX=0x0000024b63cd94a0, RBX=0x0000024f657f6010, RCX=0x0000000000000008, RDX=0x0000000000000886
RSP=0x000000f4c7dfb5b0, RBP=0x00007ffdd4180000, RSI=0x0000000000000886, RDI=0x0000000000000886
R8 =0x000000f4c7dfb900, R9 =0x0000000000000886, R10=0x00007ffdd4180000, R11=0x000000f4c7dfb6e0
R12=0x0000000000000001, R13=0x0000024f632497a8, R14=0x0000000000000000, R15=0x0000024f63080f78
RIP=0x00007ffdd43212d3, EFLAGS=0x0000000000010203

Top of Stack: (sp=0x000000f4c7dfb5b0)
0x000000f4c7dfb5b0:   0000024f6588e950 0000000000000000
0x000000f4c7dfb5c0:   0000000000000000 0000000000000000
0x000000f4c7dfb5d0:   0000024f6594c010 00007ffdd44d9c3b
0x000000f4c7dfb5e0:   000000f4c7dfbcb0 0000000000000de6
0x000000f4c7dfb5f0:   000000f4c7dfbcb0 00000000000002d5
0x000000f4c7dfb600:   0000088a00000000 0000000000000005
0x000000f4c7dfb610:   0000024f63369a40 00007ffd00000009
0x000000f4c7dfb620:   0000024f63369408 0000024f00000021
0x000000f4c7dfb630:   000000f4c7dfb6e0 0000000000000029
0x000000f4c7dfb640:   0000024f6594c010 00007ffdd44d8944
0x000000f4c7dfb650:   000000f4c7dfbcb0 000000f4c7dfb750
0x000000f4c7dfb660:   0000000000000029 0000000000000000
0x000000f4c7dfb670:   000000f4c7dfb6a0 3ed1598500000006
0x000000f4c7dfb680:   0000002900000001 0000000d0000000c
0x000000f4c7dfb690:   0000000000000000 000000000000001e
0x000000f4c7dfb6a0:   0000002700000000 0000000e00000020 

Instructions: (pc=0x00007ffdd43212d3)
0x00007ffdd43211d3:   00 01 00 00 75 0c 0f b7 d0 48 8d 4f 38 e8 7b 49
0x00007ffdd43211e3:   4d 00 f7 87 8c 00 00 00 00 00 00 80 74 07 b8 ff
0x00007ffdd43211f3:   ff 0f 00 eb 09 48 8d 4f 38 e8 1f 45 4d 00 0f b7
0x00007ffdd4321203:   8f 94 00 00 00 3b c1 89 87 90 00 00 00 79 0e 83
0x00007ffdd4321213:   8f 98 00 00 00 40 c7 47 30 2f 75 00 00 ff c3 c7
0x00007ffdd4321223:   47 34 00 00 00 00 3b 9d e8 00 00 00 0f 82 7b ff
0x00007ffdd4321233:   ff ff 48 81 c4 80 00 00 00 5f 5d 5b c3 7d 0e 1a
0x00007ffdd4321243:   00 ea 0e 1a 00 7d 0e 1a 00 7d 0e 1a 00 fd 0d 1a
0x00007ffdd4321253:   00 7d 0e 1a 00 36 0e 1a 00 36 0e 1a 00 7d 0e 1a
0x00007ffdd4321263:   00 8c 0e 1a 00 9b 0e 1a 00 aa 0e 1a 00 b9 0e 1a
0x00007ffdd4321273:   00 7d 0e 1a 00 cc cc cc cc cc cc cc cc 48 8b 41
0x00007ffdd4321283:   58 48 63 48 10 48 8d 05 a5 e0 8b 00 48 c1 e1 05
0x00007ffdd4321293:   8b 04 01 c3 cc cc cc cc cc cc cc cc cc 48 89 5c
0x00007ffdd43212a3:   24 10 57 48 83 ec 20 8b fa 48 8b d9 85 d2 75 0d
0x00007ffdd43212b3:   32 c0 48 8b 5c 24 38 48 83 c4 20 5f c3 48 8b 43
0x00007ffdd43212c3:   08 48 8b cf 48 c1 e9 08 48 89 74 24 30 48 8b f7
0x00007ffdd43212d3:   4c 8b 04 c8 48 8d 05 62 a7 90 00 4c 3b c0 75 0d
0x00007ffdd43212e3:   8b d7 48 8b cb e8 33 d3 1b 00 4c 8b c0 48 c1 ee
0x00007ffdd43212f3:   05 83 e7 1f 83 e6 07 40 0f b6 cf ba 01 00 00 00
0x00007ffdd4321303:   d3 e2 41 8b 0c b0 8b c1 0b c2 41 89 04 b0 48 8b
0x00007ffdd4321313:   74 24 30 23 ca 75 02 ff 03 48 8b 5c 24 38 85 c9
0x00007ffdd4321323:   0f 94 c0 48 83 c4 20 5f c3 cc cc cc cc 44 8b d2
0x00007ffdd4321333:   41 3b d0 7c 45 41 8d 80 c0 02 00 00 3b d0 7d 3a
0x00007ffdd4321343:   44 8b ca 45 2b c8 49 63 c1 41 8b d1 48 c1 f8 05
0x00007ffdd4321353:   83 e2 1f 8b 44 81 38 0f a3 d0 73 1e 0f b7 81 94
0x00007ffdd4321363:   00 00 00 66 83 f8 01 74 0e 0f b7 c8 ff c9 8b c1
0x00007ffdd4321373:   41 23 c2 3b c1 75 03 b0 01 c3 32 c0 c3 40 53 48
0x00007ffdd4321383:   83 ec 20 48 8b d9 e8 92 43 4d 00 83 f8 02 75 14
0x00007ffdd4321393:   48 8b cb e8 25 4b 4d 00 84 c0 75 08 b0 01 48 83
0x00007ffdd43213a3:   c4 20 5b c3 32 c0 48 83 c4 20 5b c3 cc 40 57 41
0x00007ffdd43213b3:   55 48 83 ec 48 4c 8b 41 48 33 ff 8b c7 48 89 6c
0x00007ffdd43213c3:   24 40 4c 8b e9 89 44 24 60 8b ef 41 39 40 40 0f 


Stack slot to memory mapping:
stack at sp + 0 slots: 0x0000024f6588e950 points into unknown readable memory: 0x0000000000000011 | 11 00 00 00 00 00 00 00
stack at sp + 1 slots: 0x0 is NULL
stack at sp + 2 slots: 0x0 is NULL
stack at sp + 3 slots: 0x0 is NULL
stack at sp + 4 slots: 0x0000024f6594c010 points into unknown readable memory: 0x3e7c78a75c153e82 | 82 3e 15 5c a7 78 7c 3e
stack at sp + 5 slots: 0x00007ffdd44d9c3b jvm.dll
stack at sp + 6 slots: 0x000000f4c7dfbcb0 is pointing into the stack for thread: 0x0000024f61011000
stack at sp + 7 slots: 0x0000000000000de6 is an unknown value


---------------  P R O C E S S  ---------------

Threads class SMR info:
_java_thread_list=0x0000024f6459a080, length=24, elements={
0x0000024f4608f000, 0x0000024f60fe9800, 0x0000024f60ff2800, 0x0000024f6100a800,
0x0000024f6100b800, 0x0000024f6100c800, 0x0000024f61011000, 0x0000024f61017800,
0x0000024f61019000, 0x0000024f61ada800, 0x0000024f63098000, 0x0000024f6287c800,
0x0000024f6287f800, 0x0000024f63fcb000, 0x0000024f63fcc000, 0x0000024f6236e000,
0x0000024f6236f000, 0x0000024f63544800, 0x0000024f63545800, 0x0000024f6351a000,
0x0000024f63b33800, 0x0000024f63b34800, 0x0000024f63b35800, 0x0000024f63b33000
}

Java Threads: ( => current thread )
  0x0000024f4608f000 JavaThread "main" [_thread_blocked, id=3956, stack(0x000000f4c7100000,0x000000f4c7200000)]
  0x0000024f60fe9800 JavaThread "Reference Handler" daemon [_thread_blocked, id=12172, stack(0x000000f4c7800000,0x000000f4c7900000)]
  0x0000024f60ff2800 JavaThread "Finalizer" daemon [_thread_blocked, id=9524, stack(0x000000f4c7900000,0x000000f4c7a00000)]
  0x0000024f6100a800 JavaThread "Signal Dispatcher" daemon [_thread_blocked, id=8820, stack(0x000000f4c7a00000,0x000000f4c7b00000)]
  0x0000024f6100b800 JavaThread "Attach Listener" daemon [_thread_blocked, id=10996, stack(0x000000f4c7b00000,0x000000f4c7c00000)]
  0x0000024f6100c800 JavaThread "Service Thread" daemon [_thread_blocked, id=8684, stack(0x000000f4c7c00000,0x000000f4c7d00000)]
=>0x0000024f61011000 JavaThread "C2 CompilerThread0" daemon [_thread_in_native, id=9096, stack(0x000000f4c7d00000,0x000000f4c7e00000)]
  0x0000024f61017800 JavaThread "C1 CompilerThread0" daemon [_thread_blocked, id=10380, stack(0x000000f4c7e00000,0x000000f4c7f00000)]
  0x0000024f61019000 JavaThread "Sweeper thread" daemon [_thread_blocked, id=6088, stack(0x000000f4c7f00000,0x000000f4c8000000)]
  0x0000024f61ada800 JavaThread "Common-Cleaner" daemon [_thread_blocked, id=3600, stack(0x000000f4c8000000,0x000000f4c8100000)]
  0x0000024f63098000 JavaThread "Daemon health stats" [_thread_blocked, id=11776, stack(0x000000f4c8500000,0x000000f4c8600000)]
  0x0000024f6287c800 JavaThread "Incoming local TCP Connector on port 60444" [_thread_in_native, id=8800, stack(0x000000f4c8800000,0x000000f4c8900000)]
  0x0000024f6287f800 JavaThread "Daemon periodic checks" [_thread_blocked, id=11752, stack(0x000000f4c8900000,0x000000f4c8a00000)]
  0x0000024f63fcb000 JavaThread "Daemon" [_thread_blocked, id=2604, stack(0x000000f4c8a00000,0x000000f4c8b00000)]
  0x0000024f63fcc000 JavaThread "Handler for socket connection from /127.0.0.1:60444 to /127.0.0.1:60445" [_thread_in_native, id=636, stack(0x000000f4c8b00000,0x000000f4c8c00000)]
  0x0000024f6236e000 JavaThread "Cancel handler" [_thread_blocked, id=8200, stack(0x000000f4c8c00000,0x000000f4c8d00000)]
  0x0000024f6236f000 JavaThread "Daemon worker" [_thread_in_vm, id=3400, stack(0x000000f4c8d00000,0x000000f4c8e00000)]
  0x0000024f63544800 JavaThread "Asynchronous log dispatcher for DefaultDaemonConnection: socket connection from /127.0.0.1:60444 to /127.0.0.1:60445" [_thread_blocked, id=10824, stack(0x000000f4c8e00000,0x000000f4c8f00000)]
  0x0000024f63545800 JavaThread "Stdin handler" [_thread_blocked, id=8304, stack(0x000000f4c8f00000,0x000000f4c9000000)]
  0x0000024f6351a000 JavaThread "Thread-8" [_thread_blocked, id=7596, stack(0x000000f4c9000000,0x000000f4c9100000)]
  0x0000024f63b33800 JavaThread "Cache worker for file hash cache (C:\Users\tumyp\.gradle\caches\6.7\fileHashes)" [_thread_blocked, id=2016, stack(0x000000f4c9100000,0x000000f4c9200000)]
  0x0000024f63b34800 JavaThread "File lock request listener" [_thread_in_native, id=9976, stack(0x000000f4c9200000,0x000000f4c9300000)]
  0x0000024f63b35800 JavaThread "Cache worker for journal cache (C:\Users\tumyp\.gradle\caches\journal-1)" [_thread_blocked, id=7568, stack(0x000000f4c9300000,0x000000f4c9400000)]
  0x0000024f63b33000 JavaThread "Cache worker for file hash cache (C:\Users\tumyp\IdeaProjects\untitled\Silenium\.gradle\6.7\fileHashes)" [_thread_blocked, id=4452, stack(0x000000f4c9400000,0x000000f4c9500000)]

Other Threads:
  0x0000024f60fc3000 VMThread "VM Thread" [stack: 0x000000f4c7700000,0x000000f4c7800000] [id=10160]
  0x0000024f61b1e000 WatcherThread [stack: 0x000000f4c8100000,0x000000f4c8200000] [id=6484]
  0x0000024f460a7800 GCTaskThread "GC Thread#0" [stack: 0x000000f4c7200000,0x000000f4c7300000] [id=9296]
  0x0000024f61dcf800 GCTaskThread "GC Thread#1" [stack: 0x000000f4c8200000,0x000000f4c8300000] [id=9644]
  0x0000024f61dd0000 GCTaskThread "GC Thread#2" [stack: 0x000000f4c8300000,0x000000f4c8400000] [id=10448]
  0x0000024f61dd0800 GCTaskThread "GC Thread#3" [stack: 0x000000f4c8400000,0x000000f4c8500000] [id=7608]
  0x0000024f460bb000 ConcurrentGCThread "G1 Main Marker" [stack: 0x000000f4c7300000,0x000000f4c7400000] [id=11884]
  0x0000024f460bd800 ConcurrentGCThread "G1 Conc#0" [stack: 0x000000f4c7400000,0x000000f4c7500000] [id=6032]
  0x0000024f4616d800 ConcurrentGCThread "G1 Refine#0" [stack: 0x000000f4c7500000,0x000000f4c7600000] [id=12088]
  0x0000024f60e5c800 ConcurrentGCThread "G1 Young RemSet Sampling" [stack: 0x000000f4c7600000,0x000000f4c7700000] [id=4064]

Threads with active compile tasks:
C2 CompilerThread0  24706 1963   !   4       java.lang.ClassLoader::loadClass (122 bytes)

VM state:not at safepoint (normal execution)

VM Mutex/Monitor currently owned by a thread: None

Heap address: 0x00000000e0000000, size: 512 MB, Compressed Oops mode: 32-bit
Narrow klass base: 0x0000000000000000, Narrow klass shift: 3
Compressed class space size: 260046848 Address: 0x0000000100000000

Heap:
 garbage-first heap   total 262144K, used 54142K [0x00000000e0000000, 0x0000000100000000)
  region size 1024K, 42 young (43008K), 3 survivors (3072K)
 Metaspace       used 25085K, capacity 25720K, committed 25984K, reserved 276480K
  class space    used 3187K, capacity 3410K, committed 3456K, reserved 253952K
Heap Regions: E=young(eden), S=young(survivor), O=old, HS=humongous(starts), HC=humongous(continues), CS=collection set, F=free, A=archive, TAMS=top-at-mark-start (previous, next)
|   0|0x00000000e0000000, 0x00000000e0100000, 0x00000000e0100000|100%| O|  |TAMS 0x00000000e0100000, 0x00000000e0000000| Untracked 
|   1|0x00000000e0100000, 0x00000000e0200000, 0x00000000e0200000|100%| O|  |TAMS 0x00000000e0200000, 0x00000000e0100000| Untracked 
|   2|0x00000000e0200000, 0x00000000e0300000, 0x00000000e0300000|100%| O|  |TAMS 0x00000000e0300000, 0x00000000e0200000| Untracked 
|   3|0x00000000e0300000, 0x00000000e0400000, 0x00000000e0400000|100%|HS|  |TAMS 0x00000000e0400000, 0x00000000e0300000| Complete 
|   4|0x00000000e0400000, 0x00000000e0500000, 0x00000000e0500000|100%|HC|  |TAMS 0x00000000e0500000, 0x00000000e0400000| Complete 
|   5|0x00000000e0500000, 0x00000000e0600000, 0x00000000e0600000|100%|HC|  |TAMS 0x00000000e0600000, 0x00000000e0500000| Complete 
|   6|0x00000000e0600000, 0x00000000e0700000, 0x00000000e0700000|100%| O|  |TAMS 0x00000000e0700000, 0x00000000e0600000| Untracked 
|   7|0x00000000e0700000, 0x00000000e0800000, 0x00000000e0800000|100%| O|  |TAMS 0x00000000e0800000, 0x00000000e0700000| Untracked 
|   8|0x00000000e0800000, 0x00000000e0900000, 0x00000000e0900000|100%| O|  |TAMS 0x00000000e0900000, 0x00000000e0800000| Untracked 
|   9|0x00000000e0900000, 0x00000000e0a00000, 0x00000000e0a00000|100%| O|  |TAMS 0x00000000e0a00000, 0x00000000e0900000| Untracked 
|  10|0x00000000e0a00000, 0x00000000e0b00000, 0x00000000e0b00000|100%| O|  |TAMS 0x00000000e0b00000, 0x00000000e0a00000| Untracked 
|  11|0x00000000e0b00000, 0x00000000e0c00000, 0x00000000e0c00000|100%| O|  |TAMS 0x00000000e0c00000, 0x00000000e0b00000| Untracked 
|  12|0x00000000e0c00000, 0x00000000e0cdf800, 0x00000000e0d00000| 87%| O|  |TAMS 0x00000000e0cdf800, 0x00000000e0c00000| Untracked 
|  13|0x00000000e0d00000, 0x00000000e0d00000, 0x00000000e0e00000|  0%| F|  |TAMS 0x00000000e0d00000, 0x00000000e0d00000| Untracked 
|  14|0x00000000e0e00000, 0x00000000e0e00000, 0x00000000e0f00000|  0%| F|  |TAMS 0x00000000e0e00000, 0x00000000e0e00000| Untracked 
|  15|0x00000000e0f00000, 0x00000000e0f00000, 0x00000000e1000000|  0%| F|  |TAMS 0x00000000e0f00000, 0x00000000e0f00000| Untracked 
|  16|0x00000000e1000000, 0x00000000e1000000, 0x00000000e1100000|  0%| F|  |TAMS 0x00000000e1000000, 0x00000000e1000000| Untracked 
|  17|0x00000000e1100000, 0x00000000e1100000, 0x00000000e1200000|  0%| F|  |TAMS 0x00000000e1100000, 0x00000000e1100000| Untracked 
|  18|0x00000000e1200000, 0x00000000e1200000, 0x00000000e1300000|  0%| F|  |TAMS 0x00000000e1200000, 0x00000000e1200000| Untracked 
|  19|0x00000000e1300000, 0x00000000e1300000, 0x00000000e1400000|  0%| F|  |TAMS 0x00000000e1300000, 0x00000000e1300000| Untracked 
|  20|0x00000000e1400000, 0x00000000e1400000, 0x00000000e1500000|  0%| F|  |TAMS 0x00000000e1400000, 0x00000000e1400000| Untracked 
|  21|0x00000000e1500000, 0x00000000e1500000, 0x00000000e1600000|  0%| F|  |TAMS 0x00000000e1500000, 0x00000000e1500000| Untracked 
|  22|0x00000000e1600000, 0x00000000e1600000, 0x00000000e1700000|  0%| F|  |TAMS 0x00000000e1600000, 0x00000000e1600000| Untracked 
|  23|0x00000000e1700000, 0x00000000e1700000, 0x00000000e1800000|  0%| F|  |TAMS 0x00000000e1700000, 0x00000000e1700000| Untracked 
|  24|0x00000000e1800000, 0x00000000e1800000, 0x00000000e1900000|  0%| F|  |TAMS 0x00000000e1800000, 0x00000000e1800000| Untracked 
|  25|0x00000000e1900000, 0x00000000e1900000, 0x00000000e1a00000|  0%| F|  |TAMS 0x00000000e1900000, 0x00000000e1900000| Untracked 
|  26|0x00000000e1a00000, 0x00000000e1a00000, 0x00000000e1b00000|  0%| F|  |TAMS 0x00000000e1a00000, 0x00000000e1a00000| Untracked 
|  27|0x00000000e1b00000, 0x00000000e1b00000, 0x00000000e1c00000|  0%| F|  |TAMS 0x00000000e1b00000, 0x00000000e1b00000| Untracked 
|  28|0x00000000e1c00000, 0x00000000e1c00000, 0x00000000e1d00000|  0%| F|  |TAMS 0x00000000e1c00000, 0x00000000e1c00000| Untracked 
|  29|0x00000000e1d00000, 0x00000000e1d00000, 0x00000000e1e00000|  0%| F|  |TAMS 0x00000000e1d00000, 0x00000000e1d00000| Untracked 
|  30|0x00000000e1e00000, 0x00000000e1e00000, 0x00000000e1f00000|  0%| F|  |TAMS 0x00000000e1e00000, 0x00000000e1e00000| Untracked 
|  31|0x00000000e1f00000, 0x00000000e1f00000, 0x00000000e2000000|  0%| F|  |TAMS 0x00000000e1f00000, 0x00000000e1f00000| Untracked 
|  32|0x00000000e2000000, 0x00000000e2000000, 0x00000000e2100000|  0%| F|  |TAMS 0x00000000e2000000, 0x00000000e2000000| Untracked 
|  33|0x00000000e2100000, 0x00000000e2100000, 0x00000000e2200000|  0%| F|  |TAMS 0x00000000e2100000, 0x00000000e2100000| Untracked 
|  34|0x00000000e2200000, 0x00000000e2200000, 0x00000000e2300000|  0%| F|  |TAMS 0x00000000e2200000, 0x00000000e2200000| Untracked 
|  35|0x00000000e2300000, 0x00000000e2300000, 0x00000000e2400000|  0%| F|  |TAMS 0x00000000e2300000, 0x00000000e2300000| Untracked 
|  36|0x00000000e2400000, 0x00000000e2400000, 0x00000000e2500000|  0%| F|  |TAMS 0x00000000e2400000, 0x00000000e2400000| Untracked 
|  37|0x00000000e2500000, 0x00000000e2500000, 0x00000000e2600000|  0%| F|  |TAMS 0x00000000e2500000, 0x00000000e2500000| Untracked 
|  38|0x00000000e2600000, 0x00000000e2600000, 0x00000000e2700000|  0%| F|  |TAMS 0x00000000e2600000, 0x00000000e2600000| Untracked 
|  39|0x00000000e2700000, 0x00000000e2700000, 0x00000000e2800000|  0%| F|  |TAMS 0x00000000e2700000, 0x00000000e2700000| Untracked 
|  40|0x00000000e2800000, 0x00000000e2800000, 0x00000000e2900000|  0%| F|  |TAMS 0x00000000e2800000, 0x00000000e2800000| Untracked 
|  41|0x00000000e2900000, 0x00000000e2900000, 0x00000000e2a00000|  0%| F|  |TAMS 0x00000000e2900000, 0x00000000e2900000| Untracked 
|  42|0x00000000e2a00000, 0x00000000e2a00000, 0x00000000e2b00000|  0%| F|  |TAMS 0x00000000e2a00000, 0x00000000e2a00000| Untracked 
|  43|0x00000000e2b00000, 0x00000000e2b00000, 0x00000000e2c00000|  0%| F|  |TAMS 0x00000000e2b00000, 0x00000000e2b00000| Untracked 
|  44|0x00000000e2c00000, 0x00000000e2c00000, 0x00000000e2d00000|  0%| F|  |TAMS 0x00000000e2c00000, 0x00000000e2c00000| Untracked 
|  45|0x00000000e2d00000, 0x00000000e2d00000, 0x00000000e2e00000|  0%| F|  |TAMS 0x00000000e2d00000, 0x00000000e2d00000| Untracked 
|  46|0x00000000e2e00000, 0x00000000e2e00000, 0x00000000e2f00000|  0%| F|  |TAMS 0x00000000e2e00000, 0x00000000e2e00000| Untracked 
|  47|0x00000000e2f00000, 0x00000000e2f00000, 0x00000000e3000000|  0%| F|  |TAMS 0x00000000e2f00000, 0x00000000e2f00000| Untracked 
|  48|0x00000000e3000000, 0x00000000e3000000, 0x00000000e3100000|  0%| F|  |TAMS 0x00000000e3000000, 0x00000000e3000000| Untracked 
|  49|0x00000000e3100000, 0x00000000e3100000, 0x00000000e3200000|  0%| F|  |TAMS 0x00000000e3100000, 0x00000000e3100000| Untracked 
|  50|0x00000000e3200000, 0x00000000e3200000, 0x00000000e3300000|  0%| F|  |TAMS 0x00000000e3200000, 0x00000000e3200000| Untracked 
|  51|0x00000000e3300000, 0x00000000e3300000, 0x00000000e3400000|  0%| F|  |TAMS 0x00000000e3300000, 0x00000000e3300000| Untracked 
|  52|0x00000000e3400000, 0x00000000e3400000, 0x00000000e3500000|  0%| F|  |TAMS 0x00000000e3400000, 0x00000000e3400000| Untracked 
|  53|0x00000000e3500000, 0x00000000e3500000, 0x00000000e3600000|  0%| F|  |TAMS 0x00000000e3500000, 0x00000000e3500000| Untracked 
|  54|0x00000000e3600000, 0x00000000e3600000, 0x00000000e3700000|  0%| F|  |TAMS 0x00000000e3600000, 0x00000000e3600000| Untracked 
|  55|0x00000000e3700000, 0x00000000e3700000, 0x00000000e3800000|  0%| F|  |TAMS 0x00000000e3700000, 0x00000000e3700000| Untracked 
|  56|0x00000000e3800000, 0x00000000e3800000, 0x00000000e3900000|  0%| F|  |TAMS 0x00000000e3800000, 0x00000000e3800000| Untracked 
|  57|0x00000000e3900000, 0x00000000e3900000, 0x00000000e3a00000|  0%| F|  |TAMS 0x00000000e3900000, 0x00000000e3900000| Untracked 
|  58|0x00000000e3a00000, 0x00000000e3a00000, 0x00000000e3b00000|  0%| F|  |TAMS 0x00000000e3a00000, 0x00000000e3a00000| Untracked 
|  59|0x00000000e3b00000, 0x00000000e3b00000, 0x00000000e3c00000|  0%| F|  |TAMS 0x00000000e3b00000, 0x00000000e3b00000| Untracked 
|  60|0x00000000e3c00000, 0x00000000e3c00000, 0x00000000e3d00000|  0%| F|  |TAMS 0x00000000e3c00000, 0x00000000e3c00000| Untracked 
|  61|0x00000000e3d00000, 0x00000000e3d00000, 0x00000000e3e00000|  0%| F|  |TAMS 0x00000000e3d00000, 0x00000000e3d00000| Untracked 
|  62|0x00000000e3e00000, 0x00000000e3e00000, 0x00000000e3f00000|  0%| F|  |TAMS 0x00000000e3e00000, 0x00000000e3e00000| Untracked 
|  63|0x00000000e3f00000, 0x00000000e3f00000, 0x00000000e4000000|  0%| F|  |TAMS 0x00000000e3f00000, 0x00000000e3f00000| Untracked 
|  64|0x00000000e4000000, 0x00000000e4000000, 0x00000000e4100000|  0%| F|  |TAMS 0x00000000e4000000, 0x00000000e4000000| Untracked 
|  65|0x00000000e4100000, 0x00000000e4100000, 0x00000000e4200000|  0%| F|  |TAMS 0x00000000e4100000, 0x00000000e4100000| Untracked 
|  66|0x00000000e4200000, 0x00000000e4200000, 0x00000000e4300000|  0%| F|  |TAMS 0x00000000e4200000, 0x00000000e4200000| Untracked 
|  67|0x00000000e4300000, 0x00000000e4300000, 0x00000000e4400000|  0%| F|  |TAMS 0x00000000e4300000, 0x00000000e4300000| Untracked 
|  68|0x00000000e4400000, 0x00000000e4400000, 0x00000000e4500000|  0%| F|  |TAMS 0x00000000e4400000, 0x00000000e4400000| Untracked 
|  69|0x00000000e4500000, 0x00000000e4500000, 0x00000000e4600000|  0%| F|  |TAMS 0x00000000e4500000, 0x00000000e4500000| Untracked 
|  70|0x00000000e4600000, 0x00000000e4600000, 0x00000000e4700000|  0%| F|  |TAMS 0x00000000e4600000, 0x00000000e4600000| Untracked 
|  71|0x00000000e4700000, 0x00000000e4700000, 0x00000000e4800000|  0%| F|  |TAMS 0x00000000e4700000, 0x00000000e4700000| Untracked 
|  72|0x00000000e4800000, 0x00000000e4800000, 0x00000000e4900000|  0%| F|  |TAMS 0x00000000e4800000, 0x00000000e4800000| Untracked 
|  73|0x00000000e4900000, 0x00000000e4900000, 0x00000000e4a00000|  0%| F|  |TAMS 0x00000000e4900000, 0x00000000e4900000| Untracked 
|  74|0x00000000e4a00000, 0x00000000e4a00000, 0x00000000e4b00000|  0%| F|  |TAMS 0x00000000e4a00000, 0x00000000e4a00000| Untracked 
|  75|0x00000000e4b00000, 0x00000000e4b00000, 0x00000000e4c00000|  0%| F|  |TAMS 0x00000000e4b00000, 0x00000000e4b00000| Untracked 
|  76|0x00000000e4c00000, 0x00000000e4c00000, 0x00000000e4d00000|  0%| F|  |TAMS 0x00000000e4c00000, 0x00000000e4c00000| Untracked 
|  77|0x00000000e4d00000, 0x00000000e4d00000, 0x00000000e4e00000|  0%| F|  |TAMS 0x00000000e4d00000, 0x00000000e4d00000| Untracked 
|  78|0x00000000e4e00000, 0x00000000e4e00000, 0x00000000e4f00000|  0%| F|  |TAMS 0x00000000e4e00000, 0x00000000e4e00000| Untracked 
|  79|0x00000000e4f00000, 0x00000000e4f00000, 0x00000000e5000000|  0%| F|  |TAMS 0x00000000e4f00000, 0x00000000e4f00000| Untracked 
|  80|0x00000000e5000000, 0x00000000e5000000, 0x00000000e5100000|  0%| F|  |TAMS 0x00000000e5000000, 0x00000000e5000000| Untracked 
|  81|0x00000000e5100000, 0x00000000e5100000, 0x00000000e5200000|  0%| F|  |TAMS 0x00000000e5100000, 0x00000000e5100000| Untracked 
|  82|0x00000000e5200000, 0x00000000e5200000, 0x00000000e5300000|  0%| F|  |TAMS 0x00000000e5200000, 0x00000000e5200000| Untracked 
|  83|0x00000000e5300000, 0x00000000e5300000, 0x00000000e5400000|  0%| F|  |TAMS 0x00000000e5300000, 0x00000000e5300000| Untracked 
|  84|0x00000000e5400000, 0x00000000e5400000, 0x00000000e5500000|  0%| F|  |TAMS 0x00000000e5400000, 0x00000000e5400000| Untracked 
|  85|0x00000000e5500000, 0x00000000e5500000, 0x00000000e5600000|  0%| F|  |TAMS 0x00000000e5500000, 0x00000000e5500000| Untracked 
|  86|0x00000000e5600000, 0x00000000e5600000, 0x00000000e5700000|  0%| F|  |TAMS 0x00000000e5600000, 0x00000000e5600000| Untracked 
|  87|0x00000000e5700000, 0x00000000e5700000, 0x00000000e5800000|  0%| F|  |TAMS 0x00000000e5700000, 0x00000000e5700000| Untracked 
|  88|0x00000000e5800000, 0x00000000e5800000, 0x00000000e5900000|  0%| F|  |TAMS 0x00000000e5800000, 0x00000000e5800000| Untracked 
|  89|0x00000000e5900000, 0x00000000e5900000, 0x00000000e5a00000|  0%| F|  |TAMS 0x00000000e5900000, 0x00000000e5900000| Untracked 
|  90|0x00000000e5a00000, 0x00000000e5a00000, 0x00000000e5b00000|  0%| F|  |TAMS 0x00000000e5a00000, 0x00000000e5a00000| Untracked 
|  91|0x00000000e5b00000, 0x00000000e5b00000, 0x00000000e5c00000|  0%| F|  |TAMS 0x00000000e5b00000, 0x00000000e5b00000| Untracked 
|  92|0x00000000e5c00000, 0x00000000e5c00000, 0x00000000e5d00000|  0%| F|  |TAMS 0x00000000e5c00000, 0x00000000e5c00000| Untracked 
|  93|0x00000000e5d00000, 0x00000000e5d00000, 0x00000000e5e00000|  0%| F|  |TAMS 0x00000000e5d00000, 0x00000000e5d00000| Untracked 
|  94|0x00000000e5e00000, 0x00000000e5e00000, 0x00000000e5f00000|  0%| F|  |TAMS 0x00000000e5e00000, 0x00000000e5e00000| Untracked 
|  95|0x00000000e5f00000, 0x00000000e5f00000, 0x00000000e6000000|  0%| F|  |TAMS 0x00000000e5f00000, 0x00000000e5f00000| Untracked 
|  96|0x00000000e6000000, 0x00000000e6000000, 0x00000000e6100000|  0%| F|  |TAMS 0x00000000e6000000, 0x00000000e6000000| Untracked 
|  97|0x00000000e6100000, 0x00000000e6100000, 0x00000000e6200000|  0%| F|  |TAMS 0x00000000e6100000, 0x00000000e6100000| Untracked 
|  98|0x00000000e6200000, 0x00000000e6200000, 0x00000000e6300000|  0%| F|  |TAMS 0x00000000e6200000, 0x00000000e6200000| Untracked 
|  99|0x00000000e6300000, 0x00000000e6300000, 0x00000000e6400000|  0%| F|  |TAMS 0x00000000e6300000, 0x00000000e6300000| Untracked 
| 100|0x00000000e6400000, 0x00000000e6400000, 0x00000000e6500000|  0%| F|  |TAMS 0x00000000e6400000, 0x00000000e6400000| Untracked 
| 101|0x00000000e6500000, 0x00000000e6500000, 0x00000000e6600000|  0%| F|  |TAMS 0x00000000e6500000, 0x00000000e6500000| Untracked 
| 102|0x00000000e6600000, 0x00000000e6600000, 0x00000000e6700000|  0%| F|  |TAMS 0x00000000e6600000, 0x00000000e6600000| Untracked 
| 103|0x00000000e6700000, 0x00000000e6700000, 0x00000000e6800000|  0%| F|  |TAMS 0x00000000e6700000, 0x00000000e6700000| Untracked 
| 104|0x00000000e6800000, 0x00000000e6800000, 0x00000000e6900000|  0%| F|  |TAMS 0x00000000e6800000, 0x00000000e6800000| Untracked 
| 105|0x00000000e6900000, 0x00000000e6900000, 0x00000000e6a00000|  0%| F|  |TAMS 0x00000000e6900000, 0x00000000e6900000| Untracked 
| 106|0x00000000e6a00000, 0x00000000e6a00000, 0x00000000e6b00000|  0%| F|  |TAMS 0x00000000e6a00000, 0x00000000e6a00000| Untracked 
| 107|0x00000000e6b00000, 0x00000000e6b00000, 0x00000000e6c00000|  0%| F|  |TAMS 0x00000000e6b00000, 0x00000000e6b00000| Untracked 
| 108|0x00000000e6c00000, 0x00000000e6c00000, 0x00000000e6d00000|  0%| F|  |TAMS 0x00000000e6c00000, 0x00000000e6c00000| Untracked 
| 109|0x00000000e6d00000, 0x00000000e6d00000, 0x00000000e6e00000|  0%| F|  |TAMS 0x00000000e6d00000, 0x00000000e6d00000| Untracked 
| 110|0x00000000e6e00000, 0x00000000e6e00000, 0x00000000e6f00000|  0%| F|  |TAMS 0x00000000e6e00000, 0x00000000e6e00000| Untracked 
| 111|0x00000000e6f00000, 0x00000000e6f00000, 0x00000000e7000000|  0%| F|  |TAMS 0x00000000e6f00000, 0x00000000e6f00000| Untracked 
| 112|0x00000000e7000000, 0x00000000e7000000, 0x00000000e7100000|  0%| F|  |TAMS 0x00000000e7000000, 0x00000000e7000000| Untracked 
| 113|0x00000000e7100000, 0x00000000e7100000, 0x00000000e7200000|  0%| F|  |TAMS 0x00000000e7100000, 0x00000000e7100000| Untracked 
| 114|0x00000000e7200000, 0x00000000e7200000, 0x00000000e7300000|  0%| F|  |TAMS 0x00000000e7200000, 0x00000000e7200000| Untracked 
| 115|0x00000000e7300000, 0x00000000e7300000, 0x00000000e7400000|  0%| F|  |TAMS 0x00000000e7300000, 0x00000000e7300000| Untracked 
| 116|0x00000000e7400000, 0x00000000e7400000, 0x00000000e7500000|  0%| F|  |TAMS 0x00000000e7400000, 0x00000000e7400000| Untracked 
| 117|0x00000000e7500000, 0x00000000e7500000, 0x00000000e7600000|  0%| F|  |TAMS 0x00000000e7500000, 0x00000000e7500000| Untracked 
| 118|0x00000000e7600000, 0x00000000e7600000, 0x00000000e7700000|  0%| F|  |TAMS 0x00000000e7600000, 0x00000000e7600000| Untracked 
| 119|0x00000000e7700000, 0x00000000e7700000, 0x00000000e7800000|  0%| F|  |TAMS 0x00000000e7700000, 0x00000000e7700000| Untracked 
| 120|0x00000000e7800000, 0x00000000e7800000, 0x00000000e7900000|  0%| F|  |TAMS 0x00000000e7800000, 0x00000000e7800000| Untracked 
| 121|0x00000000e7900000, 0x00000000e7900000, 0x00000000e7a00000|  0%| F|  |TAMS 0x00000000e7900000, 0x00000000e7900000| Untracked 
| 122|0x00000000e7a00000, 0x00000000e7a00000, 0x00000000e7b00000|  0%| F|  |TAMS 0x00000000e7a00000, 0x00000000e7a00000| Untracked 
| 123|0x00000000e7b00000, 0x00000000e7b00000, 0x00000000e7c00000|  0%| F|  |TAMS 0x00000000e7b00000, 0x00000000e7b00000| Untracked 
| 124|0x00000000e7c00000, 0x00000000e7c00000, 0x00000000e7d00000|  0%| F|  |TAMS 0x00000000e7c00000, 0x00000000e7c00000| Untracked 
| 125|0x00000000e7d00000, 0x00000000e7d00000, 0x00000000e7e00000|  0%| F|  |TAMS 0x00000000e7d00000, 0x00000000e7d00000| Untracked 
| 126|0x00000000e7e00000, 0x00000000e7e00000, 0x00000000e7f00000|  0%| F|  |TAMS 0x00000000e7e00000, 0x00000000e7e00000| Untracked 
| 127|0x00000000e7f00000, 0x00000000e7f00000, 0x00000000e8000000|  0%| F|  |TAMS 0x00000000e7f00000, 0x00000000e7f00000| Untracked 
| 128|0x00000000e8000000, 0x00000000e8000000, 0x00000000e8100000|  0%| F|  |TAMS 0x00000000e8000000, 0x00000000e8000000| Untracked 
| 129|0x00000000e8100000, 0x00000000e8100000, 0x00000000e8200000|  0%| F|  |TAMS 0x00000000e8100000, 0x00000000e8100000| Untracked 
| 130|0x00000000e8200000, 0x00000000e8200000, 0x00000000e8300000|  0%| F|  |TAMS 0x00000000e8200000, 0x00000000e8200000| Untracked 
| 131|0x00000000e8300000, 0x00000000e8300000, 0x00000000e8400000|  0%| F|  |TAMS 0x00000000e8300000, 0x00000000e8300000| Untracked 
| 132|0x00000000e8400000, 0x00000000e8400000, 0x00000000e8500000|  0%| F|  |TAMS 0x00000000e8400000, 0x00000000e8400000| Untracked 
| 133|0x00000000e8500000, 0x00000000e8500000, 0x00000000e8600000|  0%| F|  |TAMS 0x00000000e8500000, 0x00000000e8500000| Untracked 
| 134|0x00000000e8600000, 0x00000000e8600000, 0x00000000e8700000|  0%| F|  |TAMS 0x00000000e8600000, 0x00000000e8600000| Untracked 
| 135|0x00000000e8700000, 0x00000000e8700000, 0x00000000e8800000|  0%| F|  |TAMS 0x00000000e8700000, 0x00000000e8700000| Untracked 
| 136|0x00000000e8800000, 0x00000000e8800000, 0x00000000e8900000|  0%| F|  |TAMS 0x00000000e8800000, 0x00000000e8800000| Untracked 
| 137|0x00000000e8900000, 0x00000000e8900000, 0x00000000e8a00000|  0%| F|  |TAMS 0x00000000e8900000, 0x00000000e8900000| Untracked 
| 138|0x00000000e8a00000, 0x00000000e8a00000, 0x00000000e8b00000|  0%| F|  |TAMS 0x00000000e8a00000, 0x00000000e8a00000| Untracked 
| 139|0x00000000e8b00000, 0x00000000e8b00000, 0x00000000e8c00000|  0%| F|  |TAMS 0x00000000e8b00000, 0x00000000e8b00000| Untracked 
| 140|0x00000000e8c00000, 0x00000000e8c00000, 0x00000000e8d00000|  0%| F|  |TAMS 0x00000000e8c00000, 0x00000000e8c00000| Untracked 
| 141|0x00000000e8d00000, 0x00000000e8d00000, 0x00000000e8e00000|  0%| F|  |TAMS 0x00000000e8d00000, 0x00000000e8d00000| Untracked 
| 142|0x00000000e8e00000, 0x00000000e8e00000, 0x00000000e8f00000|  0%| F|  |TAMS 0x00000000e8e00000, 0x00000000e8e00000| Untracked 
| 143|0x00000000e8f00000, 0x00000000e8f00000, 0x00000000e9000000|  0%| F|  |TAMS 0x00000000e8f00000, 0x00000000e8f00000| Untracked 
| 144|0x00000000e9000000, 0x00000000e9000000, 0x00000000e9100000|  0%| F|  |TAMS 0x00000000e9000000, 0x00000000e9000000| Untracked 
| 145|0x00000000e9100000, 0x00000000e9100000, 0x00000000e9200000|  0%| F|  |TAMS 0x00000000e9100000, 0x00000000e9100000| Untracked 
| 146|0x00000000e9200000, 0x00000000e9200000, 0x00000000e9300000|  0%| F|  |TAMS 0x00000000e9200000, 0x00000000e9200000| Untracked 
| 147|0x00000000e9300000, 0x00000000e9300000, 0x00000000e9400000|  0%| F|  |TAMS 0x00000000e9300000, 0x00000000e9300000| Untracked 
| 148|0x00000000e9400000, 0x00000000e9400000, 0x00000000e9500000|  0%| F|  |TAMS 0x00000000e9400000, 0x00000000e9400000| Untracked 
| 149|0x00000000e9500000, 0x00000000e9500000, 0x00000000e9600000|  0%| F|  |TAMS 0x00000000e9500000, 0x00000000e9500000| Untracked 
| 150|0x00000000e9600000, 0x00000000e9600000, 0x00000000e9700000|  0%| F|  |TAMS 0x00000000e9600000, 0x00000000e9600000| Untracked 
| 151|0x00000000e9700000, 0x00000000e9700000, 0x00000000e9800000|  0%| F|  |TAMS 0x00000000e9700000, 0x00000000e9700000| Untracked 
| 152|0x00000000e9800000, 0x00000000e9800000, 0x00000000e9900000|  0%| F|  |TAMS 0x00000000e9800000, 0x00000000e9800000| Untracked 
| 153|0x00000000e9900000, 0x00000000e9900000, 0x00000000e9a00000|  0%| F|  |TAMS 0x00000000e9900000, 0x00000000e9900000| Untracked 
| 154|0x00000000e9a00000, 0x00000000e9a00000, 0x00000000e9b00000|  0%| F|  |TAMS 0x00000000e9a00000, 0x00000000e9a00000| Untracked 
| 155|0x00000000e9b00000, 0x00000000e9b00000, 0x00000000e9c00000|  0%| F|  |TAMS 0x00000000e9b00000, 0x00000000e9b00000| Untracked 
| 156|0x00000000e9c00000, 0x00000000e9c00000, 0x00000000e9d00000|  0%| F|  |TAMS 0x00000000e9c00000, 0x00000000e9c00000| Untracked 
| 157|0x00000000e9d00000, 0x00000000e9d00000, 0x00000000e9e00000|  0%| F|  |TAMS 0x00000000e9d00000, 0x00000000e9d00000| Untracked 
| 158|0x00000000e9e00000, 0x00000000e9e00000, 0x00000000e9f00000|  0%| F|  |TAMS 0x00000000e9e00000, 0x00000000e9e00000| Untracked 
| 159|0x00000000e9f00000, 0x00000000e9f00000, 0x00000000ea000000|  0%| F|  |TAMS 0x00000000e9f00000, 0x00000000e9f00000| Untracked 
| 160|0x00000000ea000000, 0x00000000ea000000, 0x00000000ea100000|  0%| F|  |TAMS 0x00000000ea000000, 0x00000000ea000000| Untracked 
| 161|0x00000000ea100000, 0x00000000ea100000, 0x00000000ea200000|  0%| F|  |TAMS 0x00000000ea100000, 0x00000000ea100000| Untracked 
| 162|0x00000000ea200000, 0x00000000ea200000, 0x00000000ea300000|  0%| F|  |TAMS 0x00000000ea200000, 0x00000000ea200000| Untracked 
| 163|0x00000000ea300000, 0x00000000ea300000, 0x00000000ea400000|  0%| F|  |TAMS 0x00000000ea300000, 0x00000000ea300000| Untracked 
| 164|0x00000000ea400000, 0x00000000ea400000, 0x00000000ea500000|  0%| F|  |TAMS 0x00000000ea400000, 0x00000000ea400000| Untracked 
| 165|0x00000000ea500000, 0x00000000ea500000, 0x00000000ea600000|  0%| F|  |TAMS 0x00000000ea500000, 0x00000000ea500000| Untracked 
| 166|0x00000000ea600000, 0x00000000ea600000, 0x00000000ea700000|  0%| F|  |TAMS 0x00000000ea600000, 0x00000000ea600000| Untracked 
| 167|0x00000000ea700000, 0x00000000ea700000, 0x00000000ea800000|  0%| F|  |TAMS 0x00000000ea700000, 0x00000000ea700000| Untracked 
| 168|0x00000000ea800000, 0x00000000ea800000, 0x00000000ea900000|  0%| F|  |TAMS 0x00000000ea800000, 0x00000000ea800000| Untracked 
| 169|0x00000000ea900000, 0x00000000ea900000, 0x00000000eaa00000|  0%| F|  |TAMS 0x00000000ea900000, 0x00000000ea900000| Untracked 
| 170|0x00000000eaa00000, 0x00000000eaa00000, 0x00000000eab00000|  0%| F|  |TAMS 0x00000000eaa00000, 0x00000000eaa00000| Untracked 
| 171|0x00000000eab00000, 0x00000000eab00000, 0x00000000eac00000|  0%| F|  |TAMS 0x00000000eab00000, 0x00000000eab00000| Untracked 
| 172|0x00000000eac00000, 0x00000000eac00000, 0x00000000ead00000|  0%| F|  |TAMS 0x00000000eac00000, 0x00000000eac00000| Untracked 
| 173|0x00000000ead00000, 0x00000000ead00000, 0x00000000eae00000|  0%| F|  |TAMS 0x00000000ead00000, 0x00000000ead00000| Untracked 
| 174|0x00000000eae00000, 0x00000000eae00000, 0x00000000eaf00000|  0%| F|  |TAMS 0x00000000eae00000, 0x00000000eae00000| Untracked 
| 175|0x00000000eaf00000, 0x00000000eaf00000, 0x00000000eb000000|  0%| F|  |TAMS 0x00000000eaf00000, 0x00000000eaf00000| Untracked 
| 176|0x00000000eb000000, 0x00000000eb000000, 0x00000000eb100000|  0%| F|  |TAMS 0x00000000eb000000, 0x00000000eb000000| Untracked 
| 177|0x00000000eb100000, 0x00000000eb100000, 0x00000000eb200000|  0%| F|  |TAMS 0x00000000eb100000, 0x00000000eb100000| Untracked 
| 178|0x00000000eb200000, 0x00000000eb200000, 0x00000000eb300000|  0%| F|  |TAMS 0x00000000eb200000, 0x00000000eb200000| Untracked 
| 179|0x00000000eb300000, 0x00000000eb300000, 0x00000000eb400000|  0%| F|  |TAMS 0x00000000eb300000, 0x00000000eb300000| Untracked 
| 180|0x00000000eb400000, 0x00000000eb400000, 0x00000000eb500000|  0%| F|  |TAMS 0x00000000eb400000, 0x00000000eb400000| Untracked 
| 181|0x00000000eb500000, 0x00000000eb500000, 0x00000000eb600000|  0%| F|  |TAMS 0x00000000eb500000, 0x00000000eb500000| Untracked 
| 182|0x00000000eb600000, 0x00000000eb600000, 0x00000000eb700000|  0%| F|  |TAMS 0x00000000eb600000, 0x00000000eb600000| Untracked 
| 183|0x00000000eb700000, 0x00000000eb700000, 0x00000000eb800000|  0%| F|  |TAMS 0x00000000eb700000, 0x00000000eb700000| Untracked 
| 184|0x00000000eb800000, 0x00000000eb800000, 0x00000000eb900000|  0%| F|  |TAMS 0x00000000eb800000, 0x00000000eb800000| Untracked 
| 185|0x00000000eb900000, 0x00000000eb900000, 0x00000000eba00000|  0%| F|  |TAMS 0x00000000eb900000, 0x00000000eb900000| Untracked 
| 186|0x00000000eba00000, 0x00000000eba00000, 0x00000000ebb00000|  0%| F|  |TAMS 0x00000000eba00000, 0x00000000eba00000| Untracked 
| 187|0x00000000ebb00000, 0x00000000ebb00000, 0x00000000ebc00000|  0%| F|  |TAMS 0x00000000ebb00000, 0x00000000ebb00000| Untracked 
| 188|0x00000000ebc00000, 0x00000000ebc00000, 0x00000000ebd00000|  0%| F|  |TAMS 0x00000000ebc00000, 0x00000000ebc00000| Untracked 
| 189|0x00000000ebd00000, 0x00000000ebd00000, 0x00000000ebe00000|  0%| F|  |TAMS 0x00000000ebd00000, 0x00000000ebd00000| Untracked 
| 190|0x00000000ebe00000, 0x00000000ebe00000, 0x00000000ebf00000|  0%| F|  |TAMS 0x00000000ebe00000, 0x00000000ebe00000| Untracked 
| 191|0x00000000ebf00000, 0x00000000ebf00000, 0x00000000ec000000|  0%| F|  |TAMS 0x00000000ebf00000, 0x00000000ebf00000| Untracked 
| 192|0x00000000ec000000, 0x00000000ec000000, 0x00000000ec100000|  0%| F|  |TAMS 0x00000000ec000000, 0x00000000ec000000| Untracked 
| 193|0x00000000ec100000, 0x00000000ec100000, 0x00000000ec200000|  0%| F|  |TAMS 0x00000000ec100000, 0x00000000ec100000| Untracked 
| 194|0x00000000ec200000, 0x00000000ec200000, 0x00000000ec300000|  0%| F|  |TAMS 0x00000000ec200000, 0x00000000ec200000| Untracked 
| 195|0x00000000ec300000, 0x00000000ec300000, 0x00000000ec400000|  0%| F|  |TAMS 0x00000000ec300000, 0x00000000ec300000| Untracked 
| 196|0x00000000ec400000, 0x00000000ec400000, 0x00000000ec500000|  0%| F|  |TAMS 0x00000000ec400000, 0x00000000ec400000| Untracked 
| 197|0x00000000ec500000, 0x00000000ec500000, 0x00000000ec600000|  0%| F|  |TAMS 0x00000000ec500000, 0x00000000ec500000| Untracked 
| 198|0x00000000ec600000, 0x00000000ec600000, 0x00000000ec700000|  0%| F|  |TAMS 0x00000000ec600000, 0x00000000ec600000| Untracked 
| 199|0x00000000ec700000, 0x00000000ec700000, 0x00000000ec800000|  0%| F|  |TAMS 0x00000000ec700000, 0x00000000ec700000| Untracked 
| 200|0x00000000ec800000, 0x00000000ec800000, 0x00000000ec900000|  0%| F|  |TAMS 0x00000000ec800000, 0x00000000ec800000| Untracked 
| 201|0x00000000ec900000, 0x00000000ec900000, 0x00000000eca00000|  0%| F|  |TAMS 0x00000000ec900000, 0x00000000ec900000| Untracked 
| 202|0x00000000eca00000, 0x00000000eca00000, 0x00000000ecb00000|  0%| F|  |TAMS 0x00000000eca00000, 0x00000000eca00000| Untracked 
| 203|0x00000000ecb00000, 0x00000000ecb00000, 0x00000000ecc00000|  0%| F|  |TAMS 0x00000000ecb00000, 0x00000000ecb00000| Untracked 
| 204|0x00000000ecc00000, 0x00000000ecc00000, 0x00000000ecd00000|  0%| F|  |TAMS 0x00000000ecc00000, 0x00000000ecc00000| Untracked 
| 205|0x00000000ecd00000, 0x00000000ecd00000, 0x00000000ece00000|  0%| F|  |TAMS 0x00000000ecd00000, 0x00000000ecd00000| Untracked 
| 206|0x00000000ece00000, 0x00000000ece00000, 0x00000000ecf00000|  0%| F|  |TAMS 0x00000000ece00000, 0x00000000ece00000| Untracked 
| 207|0x00000000ecf00000, 0x00000000ecf00000, 0x00000000ed000000|  0%| F|  |TAMS 0x00000000ecf00000, 0x00000000ecf00000| Untracked 
| 208|0x00000000ed000000, 0x00000000ed000000, 0x00000000ed100000|  0%| F|  |TAMS 0x00000000ed000000, 0x00000000ed000000| Untracked 
| 209|0x00000000ed100000, 0x00000000ed100000, 0x00000000ed200000|  0%| F|  |TAMS 0x00000000ed100000, 0x00000000ed100000| Untracked 
| 210|0x00000000ed200000, 0x00000000ed200000, 0x00000000ed300000|  0%| F|  |TAMS 0x00000000ed200000, 0x00000000ed200000| Untracked 
| 211|0x00000000ed300000, 0x00000000ed300000, 0x00000000ed400000|  0%| F|  |TAMS 0x00000000ed300000, 0x00000000ed300000| Untracked 
| 212|0x00000000ed400000, 0x00000000ed400000, 0x00000000ed500000|  0%| F|  |TAMS 0x00000000ed400000, 0x00000000ed400000| Untracked 
| 213|0x00000000ed500000, 0x00000000ed500000, 0x00000000ed600000|  0%| F|  |TAMS 0x00000000ed500000, 0x00000000ed500000| Untracked 
| 214|0x00000000ed600000, 0x00000000ed6fe550, 0x00000000ed700000| 99%| E|  |TAMS 0x00000000ed600000, 0x00000000ed600000| Complete 
| 215|0x00000000ed700000, 0x00000000ed800000, 0x00000000ed800000|100%| E|CS|TAMS 0x00000000ed700000, 0x00000000ed700000| Complete 
| 216|0x00000000ed800000, 0x00000000ed900000, 0x00000000ed900000|100%| E|CS|TAMS 0x00000000ed800000, 0x00000000ed800000| Complete 
| 217|0x00000000ed900000, 0x00000000eda00000, 0x00000000eda00000|100%| E|CS|TAMS 0x00000000ed900000, 0x00000000ed900000| Complete 
| 218|0x00000000eda00000, 0x00000000edb00000, 0x00000000edb00000|100%| E|CS|TAMS 0x00000000eda00000, 0x00000000eda00000| Complete 
| 219|0x00000000edb00000, 0x00000000edc00000, 0x00000000edc00000|100%| E|  |TAMS 0x00000000edb00000, 0x00000000edb00000| Complete 
| 220|0x00000000edc00000, 0x00000000edd00000, 0x00000000edd00000|100%| E|CS|TAMS 0x00000000edc00000, 0x00000000edc00000| Complete 
| 221|0x00000000edd00000, 0x00000000ede00000, 0x00000000ede00000|100%| E|CS|TAMS 0x00000000edd00000, 0x00000000edd00000| Complete 
| 222|0x00000000ede00000, 0x00000000edf00000, 0x00000000edf00000|100%| E|CS|TAMS 0x00000000ede00000, 0x00000000ede00000| Complete 
| 223|0x00000000edf00000, 0x00000000ee000000, 0x00000000ee000000|100%| E|CS|TAMS 0x00000000edf00000, 0x00000000edf00000| Complete 
| 224|0x00000000ee000000, 0x00000000ee100000, 0x00000000ee100000|100%| E|CS|TAMS 0x00000000ee000000, 0x00000000ee000000| Complete 
| 225|0x00000000ee100000, 0x00000000ee200000, 0x00000000ee200000|100%| E|CS|TAMS 0x00000000ee100000, 0x00000000ee100000| Complete 
| 226|0x00000000ee200000, 0x00000000ee300000, 0x00000000ee300000|100%| E|CS|TAMS 0x00000000ee200000, 0x00000000ee200000| Complete 
| 227|0x00000000ee300000, 0x00000000ee400000, 0x00000000ee400000|100%| E|CS|TAMS 0x00000000ee300000, 0x00000000ee300000| Complete 
| 228|0x00000000ee400000, 0x00000000ee500000, 0x00000000ee500000|100%| E|CS|TAMS 0x00000000ee400000, 0x00000000ee400000| Complete 
| 229|0x00000000ee500000, 0x00000000ee600000, 0x00000000ee600000|100%| E|CS|TAMS 0x00000000ee500000, 0x00000000ee500000| Complete 
| 230|0x00000000ee600000, 0x00000000ee700000, 0x00000000ee700000|100%| E|CS|TAMS 0x00000000ee600000, 0x00000000ee600000| Complete 
| 231|0x00000000ee700000, 0x00000000ee800000, 0x00000000ee800000|100%| E|CS|TAMS 0x00000000ee700000, 0x00000000ee700000| Complete 
| 232|0x00000000ee800000, 0x00000000ee900000, 0x00000000ee900000|100%| E|CS|TAMS 0x00000000ee800000, 0x00000000ee800000| Complete 
| 233|0x00000000ee900000, 0x00000000eea00000, 0x00000000eea00000|100%| E|CS|TAMS 0x00000000ee900000, 0x00000000ee900000| Complete 
| 234|0x00000000eea00000, 0x00000000eeb00000, 0x00000000eeb00000|100%| E|CS|TAMS 0x00000000eea00000, 0x00000000eea00000| Complete 
| 235|0x00000000eeb00000, 0x00000000eec00000, 0x00000000eec00000|100%| E|CS|TAMS 0x00000000eeb00000, 0x00000000eeb00000| Complete 
| 236|0x00000000eec00000, 0x00000000eed00000, 0x00000000eed00000|100%| E|CS|TAMS 0x00000000eec00000, 0x00000000eec00000| Complete 
| 237|0x00000000eed00000, 0x00000000eee00000, 0x00000000eee00000|100%| E|CS|TAMS 0x00000000eed00000, 0x00000000eed00000| Complete 
| 238|0x00000000eee00000, 0x00000000eef00000, 0x00000000eef00000|100%| E|CS|TAMS 0x00000000eee00000, 0x00000000eee00000| Complete 
| 239|0x00000000eef00000, 0x00000000ef000000, 0x00000000ef000000|100%| E|CS|TAMS 0x00000000eef00000, 0x00000000eef00000| Complete 
| 240|0x00000000ef000000, 0x00000000ef100000, 0x00000000ef100000|100%| E|CS|TAMS 0x00000000ef000000, 0x00000000ef000000| Complete 
| 241|0x00000000ef100000, 0x00000000ef200000, 0x00000000ef200000|100%| E|CS|TAMS 0x00000000ef100000, 0x00000000ef100000| Complete 
| 242|0x00000000ef200000, 0x00000000ef300000, 0x00000000ef300000|100%| E|CS|TAMS 0x00000000ef200000, 0x00000000ef200000| Complete 
| 243|0x00000000ef300000, 0x00000000ef400000, 0x00000000ef400000|100%| S|CS|TAMS 0x00000000ef300000, 0x00000000ef300000| Complete 
| 244|0x00000000ef400000, 0x00000000ef500000, 0x00000000ef500000|100%| S|CS|TAMS 0x00000000ef400000, 0x00000000ef400000| Complete 
| 245|0x00000000ef500000, 0x00000000ef600000, 0x00000000ef600000|100%| S|CS|TAMS 0x00000000ef500000, 0x00000000ef500000| Complete 
| 246|0x00000000ef600000, 0x00000000ef700000, 0x00000000ef700000|100%| E|CS|TAMS 0x00000000ef600000, 0x00000000ef600000| Complete 
| 247|0x00000000ef700000, 0x00000000ef800000, 0x00000000ef800000|100%| E|CS|TAMS 0x00000000ef700000, 0x00000000ef700000| Complete 
| 248|0x00000000ef800000, 0x00000000ef900000, 0x00000000ef900000|100%| E|CS|TAMS 0x00000000ef800000, 0x00000000ef800000| Complete 
| 249|0x00000000ef900000, 0x00000000efa00000, 0x00000000efa00000|100%| E|CS|TAMS 0x00000000ef900000, 0x00000000ef900000| Complete 
| 250|0x00000000efa00000, 0x00000000efb00000, 0x00000000efb00000|100%| E|CS|TAMS 0x00000000efa00000, 0x00000000efa00000| Complete 
| 251|0x00000000efb00000, 0x00000000efc00000, 0x00000000efc00000|100%| E|CS|TAMS 0x00000000efb00000, 0x00000000efb00000| Complete 
| 252|0x00000000efc00000, 0x00000000efd00000, 0x00000000efd00000|100%| E|CS|TAMS 0x00000000efc00000, 0x00000000efc00000| Complete 
| 253|0x00000000efd00000, 0x00000000efe00000, 0x00000000efe00000|100%| E|CS|TAMS 0x00000000efd00000, 0x00000000efd00000| Complete 
| 254|0x00000000efe00000, 0x00000000eff00000, 0x00000000eff00000|100%| E|CS|TAMS 0x00000000efe00000, 0x00000000efe00000| Complete 
| 255|0x00000000eff00000, 0x00000000f0000000, 0x00000000f0000000|100%| E|CS|TAMS 0x00000000eff00000, 0x00000000eff00000| Complete 

Card table byte_map: [0x0000024f5d7d0000,0x0000024f5d8d0000] _byte_map_base: 0x0000024f5d0d0000

Marking Bits (Prev, Next): (CMBitMap*) 0x0000024f460b73b0, (CMBitMap*) 0x0000024f460b7378
 Prev Bits: [0x0000024f5e1d0000, 0x0000024f5e9d0000)
 Next Bits: [0x0000024f5d9d0000, 0x0000024f5e1d0000)

Polling page: 0x0000024f44030000

Metaspace:

Usage:
  Non-class:     21.91 MB capacity,    21.51 MB ( 98%) used,   362.94 KB (  2%) free+waste,    47.06 KB ( <1%) overhead. 
      Class:      3.36 MB capacity,     3.14 MB ( 93%) used,   202.80 KB (  6%) free+waste,    23.25 KB ( <1%) overhead. 
       Both:     25.28 MB capacity,    24.66 MB ( 98%) used,   565.74 KB (  2%) free+waste,    70.31 KB ( <1%) overhead. 

Virtual space:
  Non-class space:       22.00 MB reserved,      22.00 MB (100%) committed 
      Class space:      248.00 MB reserved,       3.38 MB (  1%) committed 
             Both:      270.00 MB reserved,      25.38 MB (  9%) committed 

Chunk freelists:
   Non-Class:  24.00 KB
       Class:  13.00 KB
        Both:  37.00 KB

MaxMetaspaceSize: 256.00 MB
CompressedClassSpaceSize: 248.00 MB
Initial GC threshold: 20.80 MB
Current GC threshold: 35.20 MB
CDS: off

CodeHeap 'non-profiled nmethods': size=120064Kb used=930Kb max_used=930Kb free=119133Kb
 bounds [0x0000024f56290000, 0x0000024f56500000, 0x0000024f5d7d0000]
CodeHeap 'profiled nmethods': size=120000Kb used=4635Kb max_used=4635Kb free=115364Kb
 bounds [0x0000024f4ed60000, 0x0000024f4f1f0000, 0x0000024f56290000]
CodeHeap 'non-nmethods': size=5696Kb used=1207Kb max_used=1215Kb free=4488Kb
 bounds [0x0000024f4e7d0000, 0x0000024f4ea40000, 0x0000024f4ed60000]
 total_blobs=2646 nmethods=2172 adapters=386
 compilation: enabled
              stopped_count=0, restarted_count=0
 full_count=0

Compilation events (20 events):
Event: 24.454 Thread 0x0000024f61017800 2077       3       jdk.internal.org.objectweb.asm.AnnotationVisitor::<init> (7 bytes)
Event: 24.454 Thread 0x0000024f61017800 nmethod 2077 0x0000024f4f19f910 code [0x0000024f4f19fae0, 0x0000024f4f19fe08]
Event: 24.454 Thread 0x0000024f61017800 2078       3       jdk.internal.org.objectweb.asm.AnnotationVisitor::<init> (35 bytes)
Event: 24.455 Thread 0x0000024f61017800 nmethod 2078 0x0000024f4f19ff10 code [0x0000024f4f1a00e0, 0x0000024f4f1a03c8]
Event: 24.455 Thread 0x0000024f61017800 2079       3       jdk.internal.org.objectweb.asm.AnnotationWriter::visitEnd (43 bytes)
Event: 24.455 Thread 0x0000024f61017800 nmethod 2079 0x0000024f4f1a0510 code [0x0000024f4f1a06c0, 0x0000024f4f1a0858]
Event: 24.457 Thread 0x0000024f61017800 2080       3       org.objectweb.asm.SymbolTable::hash (10 bytes)
Event: 24.457 Thread 0x0000024f61017800 nmethod 2080 0x0000024f4f1a0990 code [0x0000024f4f1a0b40, 0x0000024f4f1a0c68]
Event: 24.466 Thread 0x0000024f61017800 2081       3       org.objectweb.asm.SymbolTable::get (13 bytes)
Event: 24.466 Thread 0x0000024f61017800 nmethod 2081 0x0000024f4f1a0d90 code [0x0000024f4f1a0f40, 0x0000024f4f1a1098]
Event: 24.466 Thread 0x0000024f61017800 2082       3       org.objectweb.asm.ByteVector::putShort (52 bytes)
Event: 24.466 Thread 0x0000024f61017800 nmethod 2082 0x0000024f4f1a1190 code [0x0000024f4f1a1360, 0x0000024f4f1a1568]
Event: 24.467 Thread 0x0000024f61017800 2083       3       sun.invoke.util.VerifyAccess::isMemberAccessible (313 bytes)
Event: 24.471 Thread 0x0000024f61017800 nmethod 2083 0x0000024f4f1a1690 code [0x0000024f4f1a1b60, 0x0000024f4f1a3d08]
Event: 24.471 Thread 0x0000024f61017800 2084       3       java.lang.invoke.DirectMethodHandle::preparedLambdaForm (248 bytes)
Event: 24.472 Thread 0x0000024f61017800 nmethod 2084 0x0000024f4f1a4790 code [0x0000024f4f1a4a60, 0x0000024f4f1a54f8]
Event: 24.475 Thread 0x0000024f61017800 2085   !   3       java.lang.invoke.MethodHandle::setVarargs (24 bytes)
Event: 24.475 Thread 0x0000024f61017800 nmethod 2085 0x0000024f4f1a5990 code [0x0000024f4f1a5ba0, 0x0000024f4f1a6238]
Event: 24.476 Thread 0x0000024f61017800 2086       3       java.lang.invoke.MemberName::isVarargs (23 bytes)
Event: 24.476 Thread 0x0000024f61017800 nmethod 2086 0x0000024f4f1a6490 code [0x0000024f4f1a6680, 0x0000024f4f1a6b18]

GC Heap History (10 events):
Event: 9.044 GC heap before
{Heap before GC invocations=0 (full 0):
 garbage-first heap   total 262144K, used 19456K [0x00000000e0000000, 0x0000000100000000)
  region size 1024K, 14 young (14336K), 0 survivors (0K)
 Metaspace       used 7486K, capacity 7679K, committed 7936K, reserved 262144K
  class space    used 674K, capacity 748K, committed 768K, reserved 253952K
}
Event: 9.064 GC heap after
{Heap after GC invocations=1 (full 0):
 garbage-first heap   total 262144K, used 7710K [0x00000000e0000000, 0x0000000100000000)
  region size 1024K, 2 young (2048K), 2 survivors (2048K)
 Metaspace       used 7486K, capacity 7679K, committed 7936K, reserved 262144K
  class space    used 674K, capacity 748K, committed 768K, reserved 253952K
}
Event: 9.694 GC heap before
{Heap before GC invocations=1 (full 0):
 garbage-first heap   total 262144K, used 19998K [0x00000000e0000000, 0x0000000100000000)
  region size 1024K, 14 young (14336K), 2 survivors (2048K)
 Metaspace       used 10865K, capacity 11109K, committed 11264K, reserved 264192K
  class space    used 1115K, capacity 1168K, committed 1280K, reserved 253952K
}
Event: 9.699 GC heap after
{Heap after GC invocations=2 (full 0):
 garbage-first heap   total 262144K, used 8839K [0x00000000e0000000, 0x0000000100000000)
  region size 1024K, 1 young (1024K), 1 survivors (1024K)
 Metaspace       used 10865K, capacity 11109K, committed 11264K, reserved 264192K
  class space    used 1115K, capacity 1168K, committed 1280K, reserved 253952K
}
Event: 20.589 GC heap before
{Heap before GC invocations=2 (full 0):
 garbage-first heap   total 262144K, used 37511K [0x00000000e0000000, 0x0000000100000000)
  region size 1024K, 29 young (29696K), 1 survivors (1024K)
 Metaspace       used 11133K, capacity 11485K, committed 11776K, reserved 266240K
  class space    used 1142K, capacity 1208K, committed 1280K, reserved 253952K
}
Event: 20.594 GC heap after
{Heap after GC invocations=3 (full 0):
 garbage-first heap   total 262144K, used 13373K [0x00000000e0000000, 0x0000000100000000)
  region size 1024K, 4 young (4096K), 4 survivors (4096K)
 Metaspace       used 11133K, capacity 11485K, committed 11776K, reserved 266240K
  class space    used 1142K, capacity 1208K, committed 1280K, reserved 253952K
}
Event: 23.786 GC heap before
{Heap before GC invocations=3 (full 0):
 garbage-first heap   total 262144K, used 54333K [0x00000000e0000000, 0x0000000100000000)
  region size 1024K, 44 young (45056K), 4 survivors (4096K)
 Metaspace       used 19139K, capacity 19628K, committed 19968K, reserved 272384K
  class space    used 2291K, capacity 2437K, committed 2560K, reserved 253952K
}
Event: 23.795 GC heap after
{Heap after GC invocations=4 (full 0):
 garbage-first heap   total 262144K, used 15965K [0x00000000e0000000, 0x0000000100000000)
  region size 1024K, 3 young (3072K), 3 survivors (3072K)
 Metaspace       used 19139K, capacity 19628K, committed 19968K, reserved 272384K
  class space    used 2291K, capacity 2437K, committed 2560K, reserved 253952K
}
Event: 24.006 GC heap before
{Heap before GC invocations=4 (full 0):
 garbage-first heap   total 262144K, used 25181K [0x00000000e0000000, 0x0000000100000000)
  region size 1024K, 13 young (13312K), 3 survivors (3072K)
 Metaspace       used 20639K, capacity 21171K, committed 21296K, reserved 274432K
  class space    used 2492K, capacity 2658K, committed 2688K, reserved 253952K
}
Event: 24.012 GC heap after
{Heap after GC invocations=5 (full 0):
 garbage-first heap   total 262144K, used 16254K [0x00000000e0000000, 0x0000000100000000)
  region size 1024K, 3 young (3072K), 3 survivors (3072K)
 Metaspace       used 20639K, capacity 21171K, committed 21296K, reserved 274432K
  class space    used 2492K, capacity 2658K, committed 2688K, reserved 253952K
}

Deoptimization events (20 events):
Event: 24.229 Thread 0x0000024f6236f000 DEOPT PACKING pc=0x0000024f562e66e0 sp=0x000000f4c8df9a50
Event: 24.229 Thread 0x0000024f6236f000 DEOPT UNPACKING pc=0x0000024f4e81a1af sp=0x000000f4c8df9950 mode 2
Event: 24.229 Thread 0x0000024f6236f000 Uncommon trap: trap_request=0xffffffc6 fr.pc=0x0000024f56372b74 relative=0x0000000000000dd4
Event: 24.229 Thread 0x0000024f6236f000 Uncommon trap: reason=bimorphic_or_optimized_type_check action=maybe_recompile pc=0x0000024f56372b74 method=java.util.HashMap.putVal(ILjava/lang/Object;Ljava/lang/Object;ZZ)Ljava/lang/Object; @ 203 c2
Event: 24.229 Thread 0x0000024f6236f000 DEOPT PACKING pc=0x0000024f56372b74 sp=0x000000f4c8df99b0
Event: 24.229 Thread 0x0000024f6236f000 DEOPT UNPACKING pc=0x0000024f4e81a1af sp=0x000000f4c8df9950 mode 2
Event: 24.229 Thread 0x0000024f6236f000 Uncommon trap: trap_request=0xffffff4d fr.pc=0x0000024f562c2e2c relative=0x00000000000001ec
Event: 24.229 Thread 0x0000024f6236f000 Uncommon trap: reason=unstable_if action=reinterpret pc=0x0000024f562c2e2c method=java.util.HashMap.getNode(ILjava/lang/Object;)Ljava/util/HashMap$Node; @ 129 c2
Event: 24.229 Thread 0x0000024f6236f000 DEOPT PACKING pc=0x0000024f562c2e2c sp=0x000000f4c8df99b0
Event: 24.229 Thread 0x0000024f6236f000 DEOPT UNPACKING pc=0x0000024f4e81a1af sp=0x000000f4c8df9938 mode 2
Event: 24.229 Thread 0x0000024f6236f000 Uncommon trap: trap_request=0xffffffc6 fr.pc=0x0000024f56372b74 relative=0x0000000000000dd4
Event: 24.229 Thread 0x0000024f6236f000 Uncommon trap: reason=bimorphic_or_optimized_type_check action=maybe_recompile pc=0x0000024f56372b74 method=java.util.HashMap.putVal(ILjava/lang/Object;Ljava/lang/Object;ZZ)Ljava/lang/Object; @ 203 c2
Event: 24.229 Thread 0x0000024f6236f000 DEOPT PACKING pc=0x0000024f56372b74 sp=0x000000f4c8df9990
Event: 24.230 Thread 0x0000024f6236f000 DEOPT UNPACKING pc=0x0000024f4e81a1af sp=0x000000f4c8df9930 mode 2
Event: 24.328 Thread 0x0000024f6236f000 DEOPT PACKING pc=0x0000024f4f0537c8 sp=0x000000f4c8dfa520
Event: 24.328 Thread 0x0000024f6236f000 DEOPT UNPACKING pc=0x0000024f4e81a95e sp=0x000000f4c8df9a88 mode 0
Event: 24.408 Thread 0x0000024f6236f000 Uncommon trap: trap_request=0xffffff4d fr.pc=0x0000024f5635c0fc relative=0x000000000000023c
Event: 24.408 Thread 0x0000024f6236f000 Uncommon trap: reason=unstable_if action=reinterpret pc=0x0000024f5635c0fc method=java.util.concurrent.ConcurrentHashMap.get(Ljava/lang/Object;)Ljava/lang/Object; @ 76 c2
Event: 24.408 Thread 0x0000024f6236f000 DEOPT PACKING pc=0x0000024f5635c0fc sp=0x000000f4c8df84d0
Event: 24.408 Thread 0x0000024f6236f000 DEOPT UNPACKING pc=0x0000024f4e81a1af sp=0x000000f4c8df8438 mode 2

Classes redefined (0 events):
No events

Internal exceptions (20 events):
Event: 23.397 Thread 0x0000024f63fcc000 Exception <a 'java/lang/NoSuchMethodError'{0x00000000eec0cf88}: <clinit>> (0x00000000eec0cf88) thrown at [./src/hotspot/share/prims/jni.cpp, line 1366]
Event: 23.404 Thread 0x0000024f63fcc000 Exception <a 'java/lang/NoSuchMethodError'{0x00000000eec1ed48}: <clinit>> (0x00000000eec1ed48) thrown at [./src/hotspot/share/prims/jni.cpp, line 1366]
Event: 23.410 Thread 0x0000024f63fcc000 Exception <a 'java/lang/NoSuchMethodError'{0x00000000eec459d0}: <clinit>> (0x00000000eec459d0) thrown at [./src/hotspot/share/prims/jni.cpp, line 1366]
Event: 23.413 Thread 0x0000024f63fcc000 Exception <a 'java/lang/NoSuchMethodError'{0x00000000eec5d580}: <clinit>> (0x00000000eec5d580) thrown at [./src/hotspot/share/prims/jni.cpp, line 1366]
Event: 23.414 Thread 0x0000024f63fcc000 Exception <a 'java/lang/NoSuchMethodError'{0x00000000eec671d0}: <clinit>> (0x00000000eec671d0) thrown at [./src/hotspot/share/prims/jni.cpp, line 1366]
Event: 23.417 Thread 0x0000024f63fcc000 Exception <a 'java/lang/NoSuchMethodError'{0x00000000eec7c918}: <clinit>> (0x00000000eec7c918) thrown at [./src/hotspot/share/prims/jni.cpp, line 1366]
Event: 23.433 Thread 0x0000024f63fcc000 Exception <a 'java/lang/NoSuchMethodError'{0x00000000eecd6548}: <clinit>> (0x00000000eecd6548) thrown at [./src/hotspot/share/prims/jni.cpp, line 1366]
Event: 23.439 Thread 0x0000024f63fcc000 Exception <a 'java/lang/NoSuchMethodError'{0x00000000eeb06468}: <clinit>> (0x00000000eeb06468) thrown at [./src/hotspot/share/prims/jni.cpp, line 1366]
Event: 23.445 Thread 0x0000024f63fcc000 Exception <a 'java/lang/NoSuchMethodError'{0x00000000eeb2f230}: <clinit>> (0x00000000eeb2f230) thrown at [./src/hotspot/share/prims/jni.cpp, line 1366]
Event: 23.532 Thread 0x0000024f6236f000 Exception <a 'java/lang/NoSuchMethodError'{0x00000000ee8675d0}: 'void java.lang.invoke.DelegatingMethodHandle$Holder.reinvoke_L(java.lang.Object, java.lang.Object, java.lang.Object, java.lang.Object)'> (0x00000000ee8675d0) thrown at [./src/hotspot/share/interpreter/linkResolver.cpp, line 773]
Event: 23.539 Thread 0x0000024f6236f000 Exception <a 'java/lang/NoSuchMethodError'{0x00000000ee89e440}: 'long java.lang.invoke.DirectMethodHandle$Holder.invokeInterface(java.lang.Object, java.lang.Object)'> (0x00000000ee89e440) thrown at [./src/hotspot/share/interpreter/linkResolver.cpp, line 773]
Event: 23.543 Thread 0x0000024f6236f000 Exception <a 'java/lang/NoSuchMethodError'{0x00000000ee8bfc50}: 'void java.lang.invoke.DelegatingMethodHandle$Holder.reinvoke_L(java.lang.Object, java.lang.Object, java.lang.Object, java.lang.Object, java.lang.Object, java.lang.Object, java.lang.Object)'> (0x00000000ee8bfc50) thrown at [./src/hotspot/share/interpreter/linkResolver.cpp, line 773]
Event: 23.760 Thread 0x0000024f6236f000 Exception <a 'java/lang/NoSuchMethodError'{0x00000000ed6b4040}: 'java.lang.Object java.lang.invoke.DirectMethodHandle$Holder.invokeVirtual(java.lang.Object, java.lang.Object, java.lang.Object)'> (0x00000000ed6b4040) thrown at [./src/hotspot/share/interpreter/linkResolver.cpp, line 773]
Event: 23.838 Thread 0x0000024f6236f000 Exception <a 'java/lang/NoSuchMethodError'{0x00000000efe812e0}: 'void java.lang.invoke.DirectMethodHandle$Holder.invokeStaticInit(java.lang.Object)'> (0x00000000efe812e0) thrown at [./src/hotspot/share/interpreter/linkResolver.cpp, line 773]
Event: 23.987 Thread 0x0000024f6236f000 Exception <a 'java/lang/NoSuchMethodError'{0x00000000ef7082e8}: 'int java.lang.invoke.DirectMethodHandle$Holder.invokeSpecialIFC(java.lang.Object, java.lang.Object, java.lang.Object, java.lang.Object)'> (0x00000000ef7082e8) thrown at [./src/hotspot/share/interpreter/linkResolver.cpp, line 773]
Event: 23.989 Thread 0x0000024f6236f000 Exception <a 'java/lang/NoSuchMethodError'{0x00000000ef7160a8}: 'java.lang.Object java.lang.invoke.DirectMethodHandle$Holder.invokeInterface(java.lang.Object, java.lang.Object, java.lang.Object)'> (0x00000000ef7160a8) thrown at [./src/hotspot/share/interpreter/linkResolver.cpp, line 773]
Event: 23.989 Thread 0x0000024f6236f000 Exception <a 'java/lang/IncompatibleClassChangeError'{0x00000000ef719580}: Found class java.lang.Object, but interface was expected> (0x00000000ef719580) thrown at [./src/hotspot/share/interpreter/linkResolver.cpp, line 839]
Event: 24.083 Thread 0x0000024f6236f000 Exception <a 'java/lang/NoSuchMethodError'{0x00000000efc86618}: 'void java.lang.invoke.DirectMethodHandle$Holder.invokeSpecial(java.lang.Object, java.lang.Object)'> (0x00000000efc86618) thrown at [./src/hotspot/share/interpreter/linkResolver.cpp, line 773]
Event: 24.197 Thread 0x0000024f6236f000 Exception <a 'java/lang/NoSuchMethodError'{0x00000000eef90288}: 'java.lang.Object java.lang.invoke.DirectMethodHandle$Holder.invokeVirtual(java.lang.Object, java.lang.Object, java.lang.Object, java.lang.Object)'> (0x00000000eef90288) thrown at [./src/hotspot/share/interpreter/linkResolver.cpp, line 773]
Event: 24.452 Thread 0x0000024f6236f000 Exception <a 'java/lang/NoSuchMethodError'{0x00000000ee225a08}: 'void java.lang.invoke.DirectMethodHandle$Holder.invokeSpecial(java.lang.Object, java.lang.Object, java.lang.Object, java.lang.Object, java.lang.Object, java.lang.Object)'> (0x00000000ee225a08) thrown at [./src/hotspot/share/interpreter/linkResolver.cpp, line 773]

Events (20 events):
Event: 24.474 loading class org/gradle/internal/exceptions/LocationAwareException
Event: 24.474 loading class org/gradle/internal/exceptions/LocationAwareException done
Event: 24.474 loading class org/gradle/internal/exceptions/FailureResolutionAware
Event: 24.474 loading class org/gradle/internal/exceptions/FailureResolutionAware done
Event: 24.474 loading class org/gradle/internal/exceptions/ContextAwareException
Event: 24.474 loading class org/gradle/internal/exceptions/ContextAwareException done
Event: 24.474 loading class org/gradle/plugin/use/resolve/internal/PluginResolutionResult
Event: 24.474 loading class org/gradle/plugin/use/resolve/internal/PluginResolutionResult done
Event: 24.475 loading class org/gradle/plugin/use/internal/PluginDependencyResolutionServices
Event: 24.475 loading class org/gradle/plugin/use/internal/PluginDependencyResolutionServices done
Event: 24.475 loading class org/gradle/plugin/use/internal/PluginRepositoriesProvider
Event: 24.475 loading class org/gradle/plugin/use/internal/PluginRepositoriesProvider done
Event: 24.476 loading class org/gradle/configuration/project/DefaultCompileOperationFactory
Event: 24.476 loading class org/gradle/configuration/project/DefaultCompileOperationFactory done
Event: 24.476 loading class org/gradle/groovy/scripts/internal/StatementTransformer
Event: 24.476 loading class org/gradle/groovy/scripts/internal/StatementTransformer done
Event: 24.477 loading class org/gradle/groovy/scripts/Transformer
Event: 24.477 loading class org/gradle/groovy/scripts/Transformer done
Event: 24.477 loading class org/gradle/groovy/scripts/internal/CompileOperation
Event: 24.477 loading class org/gradle/groovy/scripts/internal/CompileOperation done


Dynamic libraries:
0x00007ff615740000 - 0x00007ff61574d000 	C:\Program Files\Eclipse Adoptium\jdk-11.0.14.9-hotspot\bin\java.exe
0x00007ffe24f90000 - 0x00007ffe25185000 	C:\WINDOWS\SYSTEM32\ntdll.dll
0x00007ffe03b20000 - 0x00007ffe03b36000 	C:\Program Files\Avast Software\Avast\aswhook.dll
0x00007ffe24e90000 - 0x00007ffe24f4e000 	C:\WINDOWS\System32\KERNEL32.DLL
0x00007ffe227c0000 - 0x00007ffe22a88000 	C:\WINDOWS\System32\KERNELBASE.dll
0x00007ffe22e90000 - 0x00007ffe22f90000 	C:\WINDOWS\System32\ucrtbase.dll
0x00007ffe09660000 - 0x00007ffe09675000 	C:\Program Files\Eclipse Adoptium\jdk-11.0.14.9-hotspot\bin\VCRUNTIME140.dll
0x00007ffe0a1f0000 - 0x00007ffe0a207000 	C:\Program Files\Eclipse Adoptium\jdk-11.0.14.9-hotspot\bin\jli.dll
0x00007ffe23ca0000 - 0x00007ffe23e40000 	C:\WINDOWS\System32\USER32.dll
0x00007ffe22f90000 - 0x00007ffe22fb2000 	C:\WINDOWS\System32\win32u.dll
0x00007ffe23e40000 - 0x00007ffe23e6a000 	C:\WINDOWS\System32\GDI32.dll
0x00007ffe13360000 - 0x00007ffe135fa000 	C:\WINDOWS\WinSxS\amd64_microsoft.windows.common-controls_6595b64144ccf1df_6.0.19041.1110_none_60b5254171f9507e\COMCTL32.dll
0x00007ffe226b0000 - 0x00007ffe227bb000 	C:\WINDOWS\System32\gdi32full.dll
0x00007ffe248a0000 - 0x00007ffe2493e000 	C:\WINDOWS\System32\msvcrt.dll
0x00007ffe22df0000 - 0x00007ffe22e8d000 	C:\WINDOWS\System32\msvcp_win.dll
0x00007ffe23be0000 - 0x00007ffe23c10000 	C:\WINDOWS\System32\IMM32.DLL
0x00007ffe06340000 - 0x00007ffe063db000 	C:\Program Files\Eclipse Adoptium\jdk-11.0.14.9-hotspot\bin\msvcp140.dll
0x00007ffdd4180000 - 0x00007ffdd4d01000 	C:\Program Files\Eclipse Adoptium\jdk-11.0.14.9-hotspot\bin\server\jvm.dll
0x00007ffe247e0000 - 0x00007ffe2488e000 	C:\WINDOWS\System32\ADVAPI32.dll
0x00007ffe24a20000 - 0x00007ffe24abc000 	C:\WINDOWS\System32\sechost.dll
0x00007ffe23ab0000 - 0x00007ffe23bd5000 	C:\WINDOWS\System32\RPCRT4.dll
0x00007ffe24be0000 - 0x00007ffe24be8000 	C:\WINDOWS\System32\PSAPI.DLL
0x00007ffe185a0000 - 0x00007ffe185a9000 	C:\WINDOWS\SYSTEM32\WSOCK32.dll
0x00007ffe13dc0000 - 0x00007ffe13de7000 	C:\WINDOWS\SYSTEM32\WINMM.dll
0x00007ffe1bb20000 - 0x00007ffe1bb2a000 	C:\WINDOWS\SYSTEM32\VERSION.dll
0x00007ffe23f40000 - 0x00007ffe23fab000 	C:\WINDOWS\System32\WS2_32.dll
0x00007ffe205f0000 - 0x00007ffe20602000 	C:\WINDOWS\SYSTEM32\kernel.appcore.dll
0x00007ffe1aaf0000 - 0x00007ffe1ab00000 	C:\Program Files\Eclipse Adoptium\jdk-11.0.14.9-hotspot\bin\verify.dll
0x00007ffe1b7d0000 - 0x00007ffe1b9b4000 	C:\WINDOWS\SYSTEM32\DBGHELP.DLL
0x00007ffe1b790000 - 0x00007ffe1b7bc000 	C:\WINDOWS\SYSTEM32\dbgcore.DLL
0x00007ffe22a90000 - 0x00007ffe22b12000 	C:\WINDOWS\System32\bcryptPrimitives.dll
0x00007ffe093e0000 - 0x00007ffe09408000 	C:\Program Files\Eclipse Adoptium\jdk-11.0.14.9-hotspot\bin\java.dll
0x00007ffe14c10000 - 0x00007ffe14c1a000 	C:\Program Files\Eclipse Adoptium\jdk-11.0.14.9-hotspot\bin\jimage.dll
0x00007ffe09640000 - 0x00007ffe09658000 	C:\Program Files\Eclipse Adoptium\jdk-11.0.14.9-hotspot\bin\zip.dll
0x00007ffe23070000 - 0x00007ffe237b4000 	C:\WINDOWS\System32\SHELL32.dll
0x00007ffe207f0000 - 0x00007ffe20f84000 	C:\WINDOWS\SYSTEM32\windows.storage.dll
0x00007ffe24480000 - 0x00007ffe247d4000 	C:\WINDOWS\System32\combase.dll
0x00007ffe22050000 - 0x00007ffe2207c000 	C:\WINDOWS\SYSTEM32\Wldp.dll
0x00007ffe23a00000 - 0x00007ffe23aad000 	C:\WINDOWS\System32\SHCORE.dll
0x00007ffe24c50000 - 0x00007ffe24ca5000 	C:\WINDOWS\System32\shlwapi.dll
0x00007ffe225f0000 - 0x00007ffe2260f000 	C:\WINDOWS\SYSTEM32\profapi.dll
0x00007ffe093c0000 - 0x00007ffe093d9000 	C:\Program Files\Eclipse Adoptium\jdk-11.0.14.9-hotspot\bin\net.dll
0x00007ffe1b660000 - 0x00007ffe1b76a000 	C:\WINDOWS\SYSTEM32\WINHTTP.dll
0x00007ffe21db0000 - 0x00007ffe21e1a000 	C:\WINDOWS\system32\mswsock.dll
0x00007ffe093a0000 - 0x00007ffe093b3000 	C:\Program Files\Eclipse Adoptium\jdk-11.0.14.9-hotspot\bin\nio.dll
0x00007ffe064b0000 - 0x00007ffe064d6000 	C:\Users\tumyp\.gradle\native\fdc75f09e3144964f2cf3f50f0aa648679c211496f362492102eb8c894070792\windows-amd64\native-platform.dll
0x00007ffe00ac0000 - 0x00007ffe00c51000 	C:\Users\tumyp\.gradle\native\12488b8bf47d2d4c9fbf2f6322a914ad602e24e48041cd04a747c6da556b65c4\windows-amd64\native-platform-file-events.dll
0x00007ffe14a50000 - 0x00007ffe14a59000 	C:\Program Files\Eclipse Adoptium\jdk-11.0.14.9-hotspot\bin\management.dll
0x00007ffe14620000 - 0x00007ffe1462b000 	C:\Program Files\Eclipse Adoptium\jdk-11.0.14.9-hotspot\bin\management_ext.dll
0x00007ffe21fa0000 - 0x00007ffe21fb8000 	C:\WINDOWS\SYSTEM32\CRYPTSP.dll
0x00007ffe21730000 - 0x00007ffe21764000 	C:\WINDOWS\system32\rsaenh.dll
0x00007ffe22fc0000 - 0x00007ffe22fe7000 	C:\WINDOWS\System32\bcrypt.dll
0x00007ffe225b0000 - 0x00007ffe225de000 	C:\WINDOWS\SYSTEM32\USERENV.dll
0x00007ffe21fc0000 - 0x00007ffe21fcc000 	C:\WINDOWS\SYSTEM32\CRYPTBASE.dll
0x00007ffe21aa0000 - 0x00007ffe21adb000 	C:\WINDOWS\SYSTEM32\IPHLPAPI.DLL
0x00007ffe24890000 - 0x00007ffe24898000 	C:\WINDOWS\System32\NSI.dll
0x00007ffe1ce00000 - 0x00007ffe1ce17000 	C:\WINDOWS\SYSTEM32\dhcpcsvc6.DLL
0x00007ffe1cd30000 - 0x00007ffe1cd4d000 	C:\WINDOWS\SYSTEM32\dhcpcsvc.DLL
0x00007ffe21ae0000 - 0x00007ffe21bab000 	C:\WINDOWS\SYSTEM32\DNSAPI.dll
0x00007ffe1d070000 - 0x00007ffe1d07b000 	C:\WINDOWS\SYSTEM32\WINNSI.DLL

dbghelp: loaded successfully - version: 4.0.5 - missing functions: none
symbol engine: initialized successfully - sym options: 0x614 - pdb path: .;C:\Program Files\Eclipse Adoptium\jdk-11.0.14.9-hotspot\bin;C:\WINDOWS\SYSTEM32;C:\Program Files\Avast Software\Avast;C:\WINDOWS\WinSxS\amd64_microsoft.windows.common-controls_6595b64144ccf1df_6.0.19041.1110_none_60b5254171f9507e;C:\Program Files\Eclipse Adoptium\jdk-11.0.14.9-hotspot\bin\server;C:\Users\tumyp\.gradle\native\fdc75f09e3144964f2cf3f50f0aa648679c211496f362492102eb8c894070792\windows-amd64;C:\Users\tumyp\.gradle\native\12488b8bf47d2d4c9fbf2f6322a914ad602e24e48041cd04a747c6da556b65c4\windows-amd64

VM Arguments:
jvm_args: --add-opens=java.base/java.util=ALL-UNNAMED --add-opens=java.base/java.lang=ALL-UNNAMED --add-opens=java.base/java.lang.invoke=ALL-UNNAMED --add-opens=java.prefs/java.util.prefs=ALL-UNNAMED -XX:MaxMetaspaceSize=256m -XX:+HeapDumpOnOutOfMemoryError -Xms256m -Xmx512m -Dfile.encoding=windows-1251 -Duser.country=RU -Duser.language=ru -Duser.variant 
java_command: org.gradle.launcher.daemon.bootstrap.GradleDaemon 6.7
java_class_path (initial): C:\Users\tumyp\.gradle\wrapper\dists\gradle-6.7-bin\efvqh8uyq79v2n7rcncuhu9sv\gradle-6.7\lib\gradle-launcher-6.7.jar
Launcher Type: SUN_STANDARD

[Global flags]
     intx CICompilerCount                          = 3                                         {product} {ergonomic}
   size_t CompressedClassSpaceSize                 = 260046848                                 {product} {ergonomic}
     uint ConcGCThreads                            = 1                                         {product} {ergonomic}
     uint G1ConcRefinementThreads                  = 4                                         {product} {ergonomic}
   size_t G1HeapRegionSize                         = 1048576                                   {product} {ergonomic}
    uintx GCDrainStackTargetSize                   = 64                                        {product} {ergonomic}
     bool HeapDumpOnOutOfMemoryError               = true                                   {manageable} {command line}
   size_t InitialHeapSize                          = 268435456                                 {product} {command line}
   size_t MarkStackSize                            = 4194304                                   {product} {ergonomic}
   size_t MaxHeapSize                              = 536870912                                 {product} {command line}
   size_t MaxMetaspaceSize                         = 268435456                                 {product} {command line}
   size_t MaxNewSize                               = 321912832                                 {product} {ergonomic}
   size_t MinHeapDeltaBytes                        = 1048576                                   {product} {ergonomic}
    uintx NonNMethodCodeHeapSize                   = 5830732                                {pd product} {ergonomic}
    uintx NonProfiledCodeHeapSize                  = 122913754                              {pd product} {ergonomic}
    uintx ProfiledCodeHeapSize                     = 122913754                              {pd product} {ergonomic}
    uintx ReservedCodeCacheSize                    = 251658240                              {pd product} {ergonomic}
     bool SegmentedCodeCache                       = true                                      {product} {ergonomic}
     bool UseCompressedClassPointers               = true                                 {lp64_product} {ergonomic}
     bool UseCompressedOops                        = true                                 {lp64_product} {ergonomic}
     bool UseG1GC                                  = true                                      {product} {ergonomic}
     bool UseLargePagesIndividualAllocation        = false                                  {pd product} {ergonomic}

Logging:
Log output configuration:
 #0: stdout all=warning uptime,level,tags
 #1: stderr all=off uptime,level,tags

Environment Variables:
PATH=C:\Program Files (x86)\Common Files\Oracle\Java\javapath;C:\Program Files\Eclipse Adoptium\jdk-11.0.14.9-hotspot\bin;C:\WINDOWS\system32;C:\WINDOWS;C:\WINDOWS\System32\Wbem;C:\WINDOWS\System32\WindowsPowerShell\v1.0\;C:\WINDOWS\System32\OpenSSH\;C:\Program Files\Git\cmd;C:\Users\tumyp\AppData\Local\Microsoft\WindowsApps;C:\Users\tumyp\AppData\Local\Programs\Microsoft VS Code\bin
USERNAME=tumyp
OS=Windows_NT
PROCESSOR_IDENTIFIER=Intel64 Family 6 Model 42 Stepping 7, GenuineIntel



---------------  S Y S T E M  ---------------

OS: Windows 10 , 64 bit Build 19041 (10.0.19041.1645)
OS uptime: 0 days 8:22 hours

CPU:total 4 (initial active 4) (2 cores per cpu, 2 threads per core) family 6 model 42 stepping 7 microcode 0x2f, cmov, cx8, fxsr, mmx, sse, sse2, sse3, ssse3, sse4.1, sse4.2, popcnt, avx, clmul, ht, tsc, tscinvbit

Memory: 4k page, system-wide physical 4078M (261M free)
TotalPageFile size 8430M (AvailPageFile size 1902M)
current process WorkingSet (physical memory assigned to process): 160M, peak: 160M
current process commit charge ("private bytes"): 394M, peak: 394M

vm_info: OpenJDK 64-Bit Server VM (11.0.14+9) for windows-amd64 JRE (11.0.14+9), built on Jan 19 2022 06:39:50 by "" with unknown MS VC++:1916

END.
